
**** Build of configuration Debug for project IoT_Lab1_SubGHz ****

"C:\\ti\\ccs1120\\ccs\\utils\\bin\\gmake" -k -j 16 all -O 
 
Building file: "C:/Users/cgraf/Documents/School/Fall_2023/IoT/MSP432/inc/CortexM.c"
Invoking: Arm Compiler
"C:/ti/ccs1120/ccs/tools/compiler/ti-cgt-arm_20.2.5.LTS/bin/armcl" -mv7M4 --code_state=16 --float_support=FPv4SPD16 -me --include_path="C:/ti/ccs1120/ccs/ccs_base/arm/include" --include_path="C:/ti/ccs1120/ccs/ccs_base/arm/include/CMSIS" --include_path="C:/Users/cgraf/Documents/School/Fall_2023/IoT/MSP432/IoT_Lab1_SubGHz" --include_path="C:/ti/ccs1120/ccs/tools/compiler/ti-cgt-arm_20.2.5.LTS/include" --advice:power=all --define=__MSP432P401R__ --define=ccs -g --c99 --gcc --diag_warning=225 --diag_wrap=off --display_error_number --abi=eabi --preproc_with_compile --preproc_dependency="CortexM.d_raw"  "C:/Users/cgraf/Documents/School/Fall_2023/IoT/MSP432/inc/CortexM.c"
Finished building: "C:/Users/cgraf/Documents/School/Fall_2023/IoT/MSP432/inc/CortexM.c"
 
Building file: "C:/Users/cgraf/Documents/School/Fall_2023/IoT/MSP432/inc/Clock.c"
Invoking: Arm Compiler
"C:/ti/ccs1120/ccs/tools/compiler/ti-cgt-arm_20.2.5.LTS/bin/armcl" -mv7M4 --code_state=16 --float_support=FPv4SPD16 -me --include_path="C:/ti/ccs1120/ccs/ccs_base/arm/include" --include_path="C:/ti/ccs1120/ccs/ccs_base/arm/include/CMSIS" --include_path="C:/Users/cgraf/Documents/School/Fall_2023/IoT/MSP432/IoT_Lab1_SubGHz" --include_path="C:/ti/ccs1120/ccs/tools/compiler/ti-cgt-arm_20.2.5.LTS/include" --advice:power=all --define=__MSP432P401R__ --define=ccs -g --c99 --gcc --diag_warning=225 --diag_wrap=off --display_error_number --abi=eabi --preproc_with_compile --preproc_dependency="Clock.d_raw"  "C:/Users/cgraf/Documents/School/Fall_2023/IoT/MSP432/inc/Clock.c"
Finished building: "C:/Users/cgraf/Documents/School/Fall_2023/IoT/MSP432/inc/Clock.c"
 
Building file: "C:/Users/cgraf/Documents/School/Fall_2023/IoT/MSP432/inc/LaunchPad.c"
Invoking: Arm Compiler
"C:/ti/ccs1120/ccs/tools/compiler/ti-cgt-arm_20.2.5.LTS/bin/armcl" -mv7M4 --code_state=16 --float_support=FPv4SPD16 -me --include_path="C:/ti/ccs1120/ccs/ccs_base/arm/include" --include_path="C:/ti/ccs1120/ccs/ccs_base/arm/include/CMSIS" --include_path="C:/Users/cgraf/Documents/School/Fall_2023/IoT/MSP432/IoT_Lab1_SubGHz" --include_path="C:/ti/ccs1120/ccs/tools/compiler/ti-cgt-arm_20.2.5.LTS/include" --advice:power=all --define=__MSP432P401R__ --define=ccs -g --c99 --gcc --diag_warning=225 --diag_wrap=off --display_error_number --abi=eabi --preproc_with_compile --preproc_dependency="LaunchPad.d_raw"  "C:/Users/cgraf/Documents/School/Fall_2023/IoT/MSP432/inc/LaunchPad.c"
Finished building: "C:/Users/cgraf/Documents/School/Fall_2023/IoT/MSP432/inc/LaunchPad.c"
 
Building file: "C:/Users/cgraf/Documents/School/Fall_2023/IoT/MSP432/inc/I2CB1.c"
Invoking: Arm Compiler
"C:/ti/ccs1120/ccs/tools/compiler/ti-cgt-arm_20.2.5.LTS/bin/armcl" -mv7M4 --code_state=16 --float_support=FPv4SPD16 -me --include_path="C:/ti/ccs1120/ccs/ccs_base/arm/include" --include_path="C:/ti/ccs1120/ccs/ccs_base/arm/include/CMSIS" --include_path="C:/Users/cgraf/Documents/School/Fall_2023/IoT/MSP432/IoT_Lab1_SubGHz" --include_path="C:/ti/ccs1120/ccs/tools/compiler/ti-cgt-arm_20.2.5.LTS/include" --advice:power=all --define=__MSP432P401R__ --define=ccs -g --c99 --gcc --diag_warning=225 --diag_wrap=off --display_error_number --abi=eabi --preproc_with_compile --preproc_dependency="I2CB1.d_raw"  "C:/Users/cgraf/Documents/School/Fall_2023/IoT/MSP432/inc/I2CB1.c"
"C:/Users/cgraf/Documents/School/Fall_2023/IoT/MSP432/inc/I2CB1.c", line 95: remark #1527-D: (ULP 2.1) Detected SW delay loop using empty loop. Recommend using a timer module instead
"C:/Users/cgraf/Documents/School/Fall_2023/IoT/MSP432/inc/I2CB1.c", line 101: remark #1527-D: (ULP 2.1) Detected SW delay loop using empty loop. Recommend using a timer module instead
"C:/Users/cgraf/Documents/School/Fall_2023/IoT/MSP432/inc/I2CB1.c", line 104: remark #1527-D: (ULP 2.1) Detected SW delay loop using empty loop. Recommend using a timer module instead
"C:/Users/cgraf/Documents/School/Fall_2023/IoT/MSP432/inc/I2CB1.c", line 101: remark #1527-D: (ULP 2.1) Detected SW delay loop using empty loop. Recommend using a timer module instead
"C:/Users/cgraf/Documents/School/Fall_2023/IoT/MSP432/inc/I2CB1.c", line 122: remark #1527-D: (ULP 2.1) Detected SW delay loop using empty loop. Recommend using a timer module instead
"C:/Users/cgraf/Documents/School/Fall_2023/IoT/MSP432/inc/I2CB1.c", line 125: remark #1527-D: (ULP 2.1) Detected SW delay loop using empty loop. Recommend using a timer module instead
"C:/Users/cgraf/Documents/School/Fall_2023/IoT/MSP432/inc/I2CB1.c", line 122: remark #1527-D: (ULP 2.1) Detected SW delay loop using empty loop. Recommend using a timer module instead
"C:/Users/cgraf/Documents/School/Fall_2023/IoT/MSP432/inc/I2CB1.c", line 128: remark #1527-D: (ULP 2.1) Detected SW delay loop using empty loop. Recommend using a timer module instead
"C:/Users/cgraf/Documents/School/Fall_2023/IoT/MSP432/inc/I2CB1.c", line 132: remark #1527-D: (ULP 2.1) Detected SW delay loop using empty loop. Recommend using a timer module instead
"C:/Users/cgraf/Documents/School/Fall_2023/IoT/MSP432/inc/I2CB1.c", line 134: remark #1527-D: (ULP 2.1) Detected SW delay loop using empty loop. Recommend using a timer module instead
"C:/Users/cgraf/Documents/School/Fall_2023/IoT/MSP432/inc/I2CB1.c", line 140: remark #1527-D: (ULP 2.1) Detected SW delay loop using empty loop. Recommend using a timer module instead
"C:/Users/cgraf/Documents/School/Fall_2023/IoT/MSP432/inc/I2CB1.c", line 145: remark #1527-D: (ULP 2.1) Detected SW delay loop using empty loop. Recommend using a timer module instead
"C:/Users/cgraf/Documents/School/Fall_2023/IoT/MSP432/inc/I2CB1.c", line 147: remark #1527-D: (ULP 2.1) Detected SW delay loop using empty loop. Recommend using a timer module instead
"C:/Users/cgraf/Documents/School/Fall_2023/IoT/MSP432/inc/I2CB1.c", line 149: remark #1527-D: (ULP 2.1) Detected SW delay loop using empty loop. Recommend using a timer module instead
"C:/Users/cgraf/Documents/School/Fall_2023/IoT/MSP432/inc/I2CB1.c", line 155: remark #1527-D: (ULP 2.1) Detected SW delay loop using empty loop. Recommend using a timer module instead
"C:/Users/cgraf/Documents/School/Fall_2023/IoT/MSP432/inc/I2CB1.c", line 160: remark #1527-D: (ULP 2.1) Detected SW delay loop using empty loop. Recommend using a timer module instead
"C:/Users/cgraf/Documents/School/Fall_2023/IoT/MSP432/inc/I2CB1.c", line 162: remark #1527-D: (ULP 2.1) Detected SW delay loop using empty loop. Recommend using a timer module instead
"C:/Users/cgraf/Documents/School/Fall_2023/IoT/MSP432/inc/I2CB1.c", line 164: remark #1527-D: (ULP 2.1) Detected SW delay loop using empty loop. Recommend using a timer module instead
"C:/Users/cgraf/Documents/School/Fall_2023/IoT/MSP432/inc/I2CB1.c", line 166: remark #1527-D: (ULP 2.1) Detected SW delay loop using empty loop. Recommend using a timer module instead
"C:/Users/cgraf/Documents/School/Fall_2023/IoT/MSP432/inc/I2CB1.c", line 171: remark #1527-D: (ULP 2.1) Detected SW delay loop using empty loop. Recommend using a timer module instead
"C:/Users/cgraf/Documents/School/Fall_2023/IoT/MSP432/inc/I2CB1.c", line 176: remark #1527-D: (ULP 2.1) Detected SW delay loop using empty loop. Recommend using a timer module instead
"C:/Users/cgraf/Documents/School/Fall_2023/IoT/MSP432/inc/I2CB1.c", line 178: remark #1527-D: (ULP 2.1) Detected SW delay loop using empty loop. Recommend using a timer module instead
"C:/Users/cgraf/Documents/School/Fall_2023/IoT/MSP432/inc/I2CB1.c", line 180: remark #1527-D: (ULP 2.1) Detected SW delay loop using empty loop. Recommend using a timer module instead
"C:/Users/cgraf/Documents/School/Fall_2023/IoT/MSP432/inc/I2CB1.c", line 182: remark #1527-D: (ULP 2.1) Detected SW delay loop using empty loop. Recommend using a timer module instead
"C:/Users/cgraf/Documents/School/Fall_2023/IoT/MSP432/inc/I2CB1.c", line 184: remark #1527-D: (ULP 2.1) Detected SW delay loop using empty loop. Recommend using a timer module instead
"C:/Users/cgraf/Documents/School/Fall_2023/IoT/MSP432/inc/I2CB1.c", line 191: remark #1527-D: (ULP 2.1) Detected SW delay loop using empty loop. Recommend using a timer module instead
"C:/Users/cgraf/Documents/School/Fall_2023/IoT/MSP432/inc/I2CB1.c", line 200: remark #1527-D: (ULP 2.1) Detected SW delay loop using empty loop. Recommend using a timer module instead
"C:/Users/cgraf/Documents/School/Fall_2023/IoT/MSP432/inc/I2CB1.c", line 203: remark #2624-D: (ULP 5.4) Detected an assignment to a type with size less than int. To avoid unnecessary sign extension, use int-sized types for local varaibles and convert to smaller types for static storage.
Finished building: "C:/Users/cgraf/Documents/School/Fall_2023/IoT/MSP432/inc/I2CB1.c"
 
Building file: "../startup_msp432p401r_ccs.c"
Invoking: Arm Compiler
"C:/ti/ccs1120/ccs/tools/compiler/ti-cgt-arm_20.2.5.LTS/bin/armcl" -mv7M4 --code_state=16 --float_support=FPv4SPD16 -me --include_path="C:/ti/ccs1120/ccs/ccs_base/arm/include" --include_path="C:/ti/ccs1120/ccs/ccs_base/arm/include/CMSIS" --include_path="C:/Users/cgraf/Documents/School/Fall_2023/IoT/MSP432/IoT_Lab1_SubGHz" --include_path="C:/ti/ccs1120/ccs/tools/compiler/ti-cgt-arm_20.2.5.LTS/include" --advice:power=all --define=__MSP432P401R__ --define=ccs -g --c99 --gcc --diag_warning=225 --diag_wrap=off --display_error_number --abi=eabi --preproc_with_compile --preproc_dependency="startup_msp432p401r_ccs.d_raw"  "../startup_msp432p401r_ccs.c"
Finished building: "../startup_msp432p401r_ccs.c"
 
Building file: "C:/Users/cgraf/Documents/School/Fall_2023/IoT/MSP432/inc/SysTickInts.c"
Invoking: Arm Compiler
"C:/ti/ccs1120/ccs/tools/compiler/ti-cgt-arm_20.2.5.LTS/bin/armcl" -mv7M4 --code_state=16 --float_support=FPv4SPD16 -me --include_path="C:/ti/ccs1120/ccs/ccs_base/arm/include" --include_path="C:/ti/ccs1120/ccs/ccs_base/arm/include/CMSIS" --include_path="C:/Users/cgraf/Documents/School/Fall_2023/IoT/MSP432/IoT_Lab1_SubGHz" --include_path="C:/ti/ccs1120/ccs/tools/compiler/ti-cgt-arm_20.2.5.LTS/include" --advice:power=all --define=__MSP432P401R__ --define=ccs -g --c99 --gcc --diag_warning=225 --diag_wrap=off --display_error_number --abi=eabi --preproc_with_compile --preproc_dependency="SysTickInts.d_raw"  "C:/Users/cgraf/Documents/School/Fall_2023/IoT/MSP432/inc/SysTickInts.c"
Finished building: "C:/Users/cgraf/Documents/School/Fall_2023/IoT/MSP432/inc/SysTickInts.c"
 
Building file: "../Seeed_HC12main.c"
Invoking: Arm Compiler
"C:/ti/ccs1120/ccs/tools/compiler/ti-cgt-arm_20.2.5.LTS/bin/armcl" -mv7M4 --code_state=16 --float_support=FPv4SPD16 -me --include_path="C:/ti/ccs1120/ccs/ccs_base/arm/include" --include_path="C:/ti/ccs1120/ccs/ccs_base/arm/include/CMSIS" --include_path="C:/Users/cgraf/Documents/School/Fall_2023/IoT/MSP432/IoT_Lab1_SubGHz" --include_path="C:/ti/ccs1120/ccs/tools/compiler/ti-cgt-arm_20.2.5.LTS/include" --advice:power=all --define=__MSP432P401R__ --define=ccs -g --c99 --gcc --diag_warning=225 --diag_wrap=off --display_error_number --abi=eabi --preproc_with_compile --preproc_dependency="Seeed_HC12main.d_raw"  "../Seeed_HC12main.c"
"../Seeed_HC12main.c", line 164: remark #1532-D: (ULP 5.3) Detected printf() operation(s). Recommend moving them to RAM during run time or not using as these are processing/power intensive
"../Seeed_HC12main.c", line 184: remark #1532-D: (ULP 5.3) Detected printf() operation(s). Recommend moving them to RAM during run time or not using as these are processing/power intensive
"../Seeed_HC12main.c", line 202: remark #1532-D: (ULP 5.3) Detected printf() operation(s). Recommend moving them to RAM during run time or not using as these are processing/power intensive
"../Seeed_HC12main.c", line 206: remark #1532-D: (ULP 5.3) Detected printf() operation(s). Recommend moving them to RAM during run time or not using as these are processing/power intensive
"../Seeed_HC12main.c", line 210: remark #1532-D: (ULP 5.3) Detected printf() operation(s). Recommend moving them to RAM during run time or not using as these are processing/power intensive
"../Seeed_HC12main.c", line 214: remark #1532-D: (ULP 5.3) Detected printf() operation(s). Recommend moving them to RAM during run time or not using as these are processing/power intensive
"../Seeed_HC12main.c", line 234: remark #1532-D: (ULP 5.3) Detected printf() operation(s). Recommend moving them to RAM during run time or not using as these are processing/power intensive
"../Seeed_HC12main.c", line 235: remark #1532-D: (ULP 5.3) Detected printf() operation(s). Recommend moving them to RAM during run time or not using as these are processing/power intensive
"../Seeed_HC12main.c", line 238: remark #1532-D: (ULP 5.3) Detected printf() operation(s). Recommend moving them to RAM during run time or not using as these are processing/power intensive
"../Seeed_HC12main.c", line 247: remark #1532-D: (ULP 5.3) Detected printf() operation(s). Recommend moving them to RAM during run time or not using as these are processing/power intensive
"../Seeed_HC12main.c", line 250: remark #1532-D: (ULP 5.3) Detected printf() operation(s). Recommend moving them to RAM during run time or not using as these are processing/power intensive
"../Seeed_HC12main.c", line 256: remark #1532-D: (ULP 5.3) Detected printf() operation(s). Recommend moving them to RAM during run time or not using as these are processing/power intensive
"../Seeed_HC12main.c", line 268: remark #1527-D: (ULP 2.1) Detected SW delay loop using empty loop. Recommend using a timer module instead
Finished building: "../Seeed_HC12main.c"
 
Building file: "C:/Users/cgraf/Documents/School/Fall_2023/IoT/MSP432/inc/UART1.c"
Invoking: Arm Compiler
"C:/ti/ccs1120/ccs/tools/compiler/ti-cgt-arm_20.2.5.LTS/bin/armcl" -mv7M4 --code_state=16 --float_support=FPv4SPD16 -me --include_path="C:/ti/ccs1120/ccs/ccs_base/arm/include" --include_path="C:/ti/ccs1120/ccs/ccs_base/arm/include/CMSIS" --include_path="C:/Users/cgraf/Documents/School/Fall_2023/IoT/MSP432/IoT_Lab1_SubGHz" --include_path="C:/ti/ccs1120/ccs/tools/compiler/ti-cgt-arm_20.2.5.LTS/include" --advice:power=all --define=__MSP432P401R__ --define=ccs -g --c99 --gcc --diag_warning=225 --diag_wrap=off --display_error_number --abi=eabi --preproc_with_compile --preproc_dependency="UART1.d_raw"  "C:/Users/cgraf/Documents/School/Fall_2023/IoT/MSP432/inc/UART1.c"
"C:/Users/cgraf/Documents/School/Fall_2023/IoT/MSP432/inc/UART1.c", line 166: remark #2624-D: (ULP 5.4) Detected an assignment to a type with size less than int. To avoid unnecessary sign extension, use int-sized types for local varaibles and convert to smaller types for static storage.
"C:/Users/cgraf/Documents/School/Fall_2023/IoT/MSP432/inc/UART1.c", line 177: remark #1527-D: (ULP 2.1) Detected SW delay loop using empty loop. Recommend using a timer module instead
"C:/Users/cgraf/Documents/School/Fall_2023/IoT/MSP432/inc/UART1.c", line 177: remark #2624-D: (ULP 5.4) Detected an assignment to a type with size less than int. To avoid unnecessary sign extension, use int-sized types for local varaibles and convert to smaller types for static storage.
"C:/Users/cgraf/Documents/School/Fall_2023/IoT/MSP432/inc/UART1.c", line 188: remark #1527-D: (ULP 2.1) Detected SW delay loop using empty loop. Recommend using a timer module instead
"C:/Users/cgraf/Documents/School/Fall_2023/IoT/MSP432/inc/UART1.c", line 219: remark #1527-D: (ULP 2.1) Detected SW delay loop using empty loop. Recommend using a timer module instead
Finished building: "C:/Users/cgraf/Documents/School/Fall_2023/IoT/MSP432/inc/UART1.c"
 
Building file: "../system_msp432p401r.c"
Invoking: Arm Compiler
"C:/ti/ccs1120/ccs/tools/compiler/ti-cgt-arm_20.2.5.LTS/bin/armcl" -mv7M4 --code_state=16 --float_support=FPv4SPD16 -me --include_path="C:/ti/ccs1120/ccs/ccs_base/arm/include" --include_path="C:/ti/ccs1120/ccs/ccs_base/arm/include/CMSIS" --include_path="C:/Users/cgraf/Documents/School/Fall_2023/IoT/MSP432/IoT_Lab1_SubGHz" --include_path="C:/ti/ccs1120/ccs/tools/compiler/ti-cgt-arm_20.2.5.LTS/include" --advice:power=all --define=__MSP432P401R__ --define=ccs -g --c99 --gcc --diag_warning=225 --diag_wrap=off --display_error_number --abi=eabi --preproc_with_compile --preproc_dependency="system_msp432p401r.d_raw"  "../system_msp432p401r.c"
"../system_msp432p401r.c", line 156: remark #2624-D: (ULP 5.4) Detected an assignment to a type with size less than int. To avoid unnecessary sign extension, use int-sized types for local varaibles and convert to smaller types for static storage.
"../system_msp432p401r.c", line 189: remark #2624-D: (ULP 5.4) Detected an assignment to a type with size less than int. To avoid unnecessary sign extension, use int-sized types for local varaibles and convert to smaller types for static storage.
Finished building: "../system_msp432p401r.c"
 
Building file: "C:/Users/cgraf/Documents/School/Fall_2023/IoT/MSP432/inc/UART0.c"
Invoking: Arm Compiler
"C:/ti/ccs1120/ccs/tools/compiler/ti-cgt-arm_20.2.5.LTS/bin/armcl" -mv7M4 --code_state=16 --float_support=FPv4SPD16 -me --include_path="C:/ti/ccs1120/ccs/ccs_base/arm/include" --include_path="C:/ti/ccs1120/ccs/ccs_base/arm/include/CMSIS" --include_path="C:/Users/cgraf/Documents/School/Fall_2023/IoT/MSP432/IoT_Lab1_SubGHz" --include_path="C:/ti/ccs1120/ccs/tools/compiler/ti-cgt-arm_20.2.5.LTS/include" --advice:power=all --define=__MSP432P401R__ --define=ccs -g --c99 --gcc --diag_warning=225 --diag_wrap=off --display_error_number --abi=eabi --preproc_with_compile --preproc_dependency="UART0.d_raw"  "C:/Users/cgraf/Documents/School/Fall_2023/IoT/MSP432/inc/UART0.c"
"C:/Users/cgraf/Documents/School/Fall_2023/IoT/MSP432/inc/UART0.c", line 89: remark #1527-D: (ULP 2.1) Detected SW delay loop using empty loop. Recommend using a timer module instead
"C:/Users/cgraf/Documents/School/Fall_2023/IoT/MSP432/inc/UART0.c", line 100: remark #1527-D: (ULP 2.1) Detected SW delay loop using empty loop. Recommend using a timer module instead
Finished building: "C:/Users/cgraf/Documents/School/Fall_2023/IoT/MSP432/inc/UART0.c"
 
Building file: "C:/Users/cgraf/Documents/School/Fall_2023/IoT/MSP432/inc/SSD1306_I2C.c"
Invoking: Arm Compiler
"C:/ti/ccs1120/ccs/tools/compiler/ti-cgt-arm_20.2.5.LTS/bin/armcl" -mv7M4 --code_state=16 --float_support=FPv4SPD16 -me --include_path="C:/ti/ccs1120/ccs/ccs_base/arm/include" --include_path="C:/ti/ccs1120/ccs/ccs_base/arm/include/CMSIS" --include_path="C:/Users/cgraf/Documents/School/Fall_2023/IoT/MSP432/IoT_Lab1_SubGHz" --include_path="C:/ti/ccs1120/ccs/tools/compiler/ti-cgt-arm_20.2.5.LTS/include" --advice:power=all --define=__MSP432P401R__ --define=ccs -g --c99 --gcc --diag_warning=225 --diag_wrap=off --display_error_number --abi=eabi --preproc_with_compile --preproc_dependency="SSD1306_I2C.d_raw"  "C:/Users/cgraf/Documents/School/Fall_2023/IoT/MSP432/inc/SSD1306_I2C.c"
"C:/Users/cgraf/Documents/School/Fall_2023/IoT/MSP432/inc/SSD1306_I2C.c", line 65: remark #1527-D: (ULP 2.1) Detected SW delay loop using empty loop. Recommend using a timer module instead
"C:/Users/cgraf/Documents/School/Fall_2023/IoT/MSP432/inc/SSD1306_I2C.c", line 70: remark #1527-D: (ULP 2.1) Detected SW delay loop using empty loop. Recommend using a timer module instead
"C:/Users/cgraf/Documents/School/Fall_2023/IoT/MSP432/inc/SSD1306_I2C.c", line 75: remark #1527-D: (ULP 2.1) Detected SW delay loop using empty loop. Recommend using a timer module instead
"C:/Users/cgraf/Documents/School/Fall_2023/IoT/MSP432/inc/SSD1306_I2C.c", line 78: remark #1527-D: (ULP 2.1) Detected SW delay loop using empty loop. Recommend using a timer module instead
"C:/Users/cgraf/Documents/School/Fall_2023/IoT/MSP432/inc/SSD1306_I2C.c", line 75: remark #1527-D: (ULP 2.1) Detected SW delay loop using empty loop. Recommend using a timer module instead
"C:/Users/cgraf/Documents/School/Fall_2023/IoT/MSP432/inc/SSD1306_I2C.c", line 593: remark #2624-D: (ULP 5.4) Detected an assignment to a type with size less than int. To avoid unnecessary sign extension, use int-sized types for local varaibles and convert to smaller types for static storage.
"C:/Users/cgraf/Documents/School/Fall_2023/IoT/MSP432/inc/SSD1306_I2C.c", line 593: remark #2624-D: (ULP 5.4) Detected an assignment to a type with size less than int. To avoid unnecessary sign extension, use int-sized types for local varaibles and convert to smaller types for static storage.
"C:/Users/cgraf/Documents/School/Fall_2023/IoT/MSP432/inc/SSD1306_I2C.c", line 593: remark #2624-D: (ULP 5.4) Detected an assignment to a type with size less than int. To avoid unnecessary sign extension, use int-sized types for local varaibles and convert to smaller types for static storage.
"C:/Users/cgraf/Documents/School/Fall_2023/IoT/MSP432/inc/SSD1306_I2C.c", line 594: remark #2624-D: (ULP 5.4) Detected an assignment to a type with size less than int. To avoid unnecessary sign extension, use int-sized types for local varaibles and convert to smaller types for static storage.
"C:/Users/cgraf/Documents/School/Fall_2023/IoT/MSP432/inc/SSD1306_I2C.c", line 597: remark #2624-D: (ULP 5.4) Detected an assignment to a type with size less than int. To avoid unnecessary sign extension, use int-sized types for local varaibles and convert to smaller types for static storage.
"C:/Users/cgraf/Documents/School/Fall_2023/IoT/MSP432/inc/SSD1306_I2C.c", line 598: remark #2624-D: (ULP 5.4) Detected an assignment to a type with size less than int. To avoid unnecessary sign extension, use int-sized types for local varaibles and convert to smaller types for static storage.
"C:/Users/cgraf/Documents/School/Fall_2023/IoT/MSP432/inc/SSD1306_I2C.c", line 601: remark #2624-D: (ULP 5.4) Detected an assignment to a type with size less than int. To avoid unnecessary sign extension, use int-sized types for local varaibles and convert to smaller types for static storage.
"C:/Users/cgraf/Documents/School/Fall_2023/IoT/MSP432/inc/SSD1306_I2C.c", line 601: remark #2624-D: (ULP 5.4) Detected an assignment to a type with size less than int. To avoid unnecessary sign extension, use int-sized types for local varaibles and convert to smaller types for static storage.
"C:/Users/cgraf/Documents/School/Fall_2023/IoT/MSP432/inc/SSD1306_I2C.c", line 601: remark #2624-D: (ULP 5.4) Detected an assignment to a type with size less than int. To avoid unnecessary sign extension, use int-sized types for local varaibles and convert to smaller types for static storage.
"C:/Users/cgraf/Documents/School/Fall_2023/IoT/MSP432/inc/SSD1306_I2C.c", line 602: remark #2624-D: (ULP 5.4) Detected an assignment to a type with size less than int. To avoid unnecessary sign extension, use int-sized types for local varaibles and convert to smaller types for static storage.
"C:/Users/cgraf/Documents/School/Fall_2023/IoT/MSP432/inc/SSD1306_I2C.c", line 622: remark #2624-D: (ULP 5.4) Detected an assignment to a type with size less than int. To avoid unnecessary sign extension, use int-sized types for local varaibles and convert to smaller types for static storage.
"C:/Users/cgraf/Documents/School/Fall_2023/IoT/MSP432/inc/SSD1306_I2C.c", line 622: remark #2624-D: (ULP 5.4) Detected an assignment to a type with size less than int. To avoid unnecessary sign extension, use int-sized types for local varaibles and convert to smaller types for static storage.
"C:/Users/cgraf/Documents/School/Fall_2023/IoT/MSP432/inc/SSD1306_I2C.c", line 622: remark #2624-D: (ULP 5.4) Detected an assignment to a type with size less than int. To avoid unnecessary sign extension, use int-sized types for local varaibles and convert to smaller types for static storage.
"C:/Users/cgraf/Documents/School/Fall_2023/IoT/MSP432/inc/SSD1306_I2C.c", line 622: remark #2624-D: (ULP 5.4) Detected an assignment to a type with size less than int. To avoid unnecessary sign extension, use int-sized types for local varaibles and convert to smaller types for static storage.
"C:/Users/cgraf/Documents/School/Fall_2023/IoT/MSP432/inc/SSD1306_I2C.c", line 633: remark #2624-D: (ULP 5.4) Detected an assignment to a type with size less than int. To avoid unnecessary sign extension, use int-sized types for local varaibles and convert to smaller types for static storage.
"C:/Users/cgraf/Documents/School/Fall_2023/IoT/MSP432/inc/SSD1306_I2C.c", line 646: remark #1543-D: (ULP 12.2) Detected for loop with repetitive data transfer. Recommend using DMA
"C:/Users/cgraf/Documents/School/Fall_2023/IoT/MSP432/inc/SSD1306_I2C.c", line 724: remark #2624-D: (ULP 5.4) Detected an assignment to a type with size less than int. To avoid unnecessary sign extension, use int-sized types for local varaibles and convert to smaller types for static storage.
"C:/Users/cgraf/Documents/School/Fall_2023/IoT/MSP432/inc/SSD1306_I2C.c", line 725: remark #2624-D: (ULP 5.4) Detected an assignment to a type with size less than int. To avoid unnecessary sign extension, use int-sized types for local varaibles and convert to smaller types for static storage.
"C:/Users/cgraf/Documents/School/Fall_2023/IoT/MSP432/inc/SSD1306_I2C.c", line 726: remark #2624-D: (ULP 5.4) Detected an assignment to a type with size less than int. To avoid unnecessary sign extension, use int-sized types for local varaibles and convert to smaller types for static storage.
"C:/Users/cgraf/Documents/School/Fall_2023/IoT/MSP432/inc/SSD1306_I2C.c", line 727: remark #2624-D: (ULP 5.4) Detected an assignment to a type with size less than int. To avoid unnecessary sign extension, use int-sized types for local varaibles and convert to smaller types for static storage.
"C:/Users/cgraf/Documents/School/Fall_2023/IoT/MSP432/inc/SSD1306_I2C.c", line 744: remark #2624-D: (ULP 5.4) Detected an assignment to a type with size less than int. To avoid unnecessary sign extension, use int-sized types for local varaibles and convert to smaller types for static storage.
"C:/Users/cgraf/Documents/School/Fall_2023/IoT/MSP432/inc/SSD1306_I2C.c", line 751: remark #2624-D: (ULP 5.4) Detected an assignment to a type with size less than int. To avoid unnecessary sign extension, use int-sized types for local varaibles and convert to smaller types for static storage.
"C:/Users/cgraf/Documents/School/Fall_2023/IoT/MSP432/inc/SSD1306_I2C.c", line 755: remark #2624-D: (ULP 5.4) Detected an assignment to a type with size less than int. To avoid unnecessary sign extension, use int-sized types for local varaibles and convert to smaller types for static storage.
"C:/Users/cgraf/Documents/School/Fall_2023/IoT/MSP432/inc/SSD1306_I2C.c", line 758: remark #2624-D: (ULP 5.4) Detected an assignment to a type with size less than int. To avoid unnecessary sign extension, use int-sized types for local varaibles and convert to smaller types for static storage.
"C:/Users/cgraf/Documents/School/Fall_2023/IoT/MSP432/inc/SSD1306_I2C.c", line 760: remark #2624-D: (ULP 5.4) Detected an assignment to a type with size less than int. To avoid unnecessary sign extension, use int-sized types for local varaibles and convert to smaller types for static storage.
"C:/Users/cgraf/Documents/School/Fall_2023/IoT/MSP432/inc/SSD1306_I2C.c", line 794: remark #2624-D: (ULP 5.4) Detected an assignment to a type with size less than int. To avoid unnecessary sign extension, use int-sized types for local varaibles and convert to smaller types for static storage.
"C:/Users/cgraf/Documents/School/Fall_2023/IoT/MSP432/inc/SSD1306_I2C.c", line 794: remark #2624-D: (ULP 5.4) Detected an assignment to a type with size less than int. To avoid unnecessary sign extension, use int-sized types for local varaibles and convert to smaller types for static storage.
"C:/Users/cgraf/Documents/School/Fall_2023/IoT/MSP432/inc/SSD1306_I2C.c", line 794: remark #2624-D: (ULP 5.4) Detected an assignment to a type with size less than int. To avoid unnecessary sign extension, use int-sized types for local varaibles and convert to smaller types for static storage.
"C:/Users/cgraf/Documents/School/Fall_2023/IoT/MSP432/inc/SSD1306_I2C.c", line 795: remark #2624-D: (ULP 5.4) Detected an assignment to a type with size less than int. To avoid unnecessary sign extension, use int-sized types for local varaibles and convert to smaller types for static storage.
"C:/Users/cgraf/Documents/School/Fall_2023/IoT/MSP432/inc/SSD1306_I2C.c", line 799: remark #2624-D: (ULP 5.4) Detected an assignment to a type with size less than int. To avoid unnecessary sign extension, use int-sized types for local varaibles and convert to smaller types for static storage.
"C:/Users/cgraf/Documents/School/Fall_2023/IoT/MSP432/inc/SSD1306_I2C.c", line 800: remark #2624-D: (ULP 5.4) Detected an assignment to a type with size less than int. To avoid unnecessary sign extension, use int-sized types for local varaibles and convert to smaller types for static storage.
"C:/Users/cgraf/Documents/School/Fall_2023/IoT/MSP432/inc/SSD1306_I2C.c", line 801: remark #2624-D: (ULP 5.4) Detected an assignment to a type with size less than int. To avoid unnecessary sign extension, use int-sized types for local varaibles and convert to smaller types for static storage.
"C:/Users/cgraf/Documents/School/Fall_2023/IoT/MSP432/inc/SSD1306_I2C.c", line 807: remark #2624-D: (ULP 5.4) Detected an assignment to a type with size less than int. To avoid unnecessary sign extension, use int-sized types for local varaibles and convert to smaller types for static storage.
"C:/Users/cgraf/Documents/School/Fall_2023/IoT/MSP432/inc/SSD1306_I2C.c", line 807: remark #2624-D: (ULP 5.4) Detected an assignment to a type with size less than int. To avoid unnecessary sign extension, use int-sized types for local varaibles and convert to smaller types for static storage.
"C:/Users/cgraf/Documents/School/Fall_2023/IoT/MSP432/inc/SSD1306_I2C.c", line 807: remark #2624-D: (ULP 5.4) Detected an assignment to a type with size less than int. To avoid unnecessary sign extension, use int-sized types for local varaibles and convert to smaller types for static storage.
"C:/Users/cgraf/Documents/School/Fall_2023/IoT/MSP432/inc/SSD1306_I2C.c", line 808: remark #2624-D: (ULP 5.4) Detected an assignment to a type with size less than int. To avoid unnecessary sign extension, use int-sized types for local varaibles and convert to smaller types for static storage.
"C:/Users/cgraf/Documents/School/Fall_2023/IoT/MSP432/inc/SSD1306_I2C.c", line 809: remark #2624-D: (ULP 5.4) Detected an assignment to a type with size less than int. To avoid unnecessary sign extension, use int-sized types for local varaibles and convert to smaller types for static storage.
"C:/Users/cgraf/Documents/School/Fall_2023/IoT/MSP432/inc/SSD1306_I2C.c", line 822: remark #2624-D: (ULP 5.4) Detected an assignment to a type with size less than int. To avoid unnecessary sign extension, use int-sized types for local varaibles and convert to smaller types for static storage.
"C:/Users/cgraf/Documents/School/Fall_2023/IoT/MSP432/inc/SSD1306_I2C.c", line 826: remark #2624-D: (ULP 5.4) Detected an assignment to a type with size less than int. To avoid unnecessary sign extension, use int-sized types for local varaibles and convert to smaller types for static storage.
"C:/Users/cgraf/Documents/School/Fall_2023/IoT/MSP432/inc/SSD1306_I2C.c", line 832: remark #2624-D: (ULP 5.4) Detected an assignment to a type with size less than int. To avoid unnecessary sign extension, use int-sized types for local varaibles and convert to smaller types for static storage.
"C:/Users/cgraf/Documents/School/Fall_2023/IoT/MSP432/inc/SSD1306_I2C.c", line 833: remark #2624-D: (ULP 5.4) Detected an assignment to a type with size less than int. To avoid unnecessary sign extension, use int-sized types for local varaibles and convert to smaller types for static storage.
"C:/Users/cgraf/Documents/School/Fall_2023/IoT/MSP432/inc/SSD1306_I2C.c", line 833: remark #2624-D: (ULP 5.4) Detected an assignment to a type with size less than int. To avoid unnecessary sign extension, use int-sized types for local varaibles and convert to smaller types for static storage.
"C:/Users/cgraf/Documents/School/Fall_2023/IoT/MSP432/inc/SSD1306_I2C.c", line 834: remark #2624-D: (ULP 5.4) Detected an assignment to a type with size less than int. To avoid unnecessary sign extension, use int-sized types for local varaibles and convert to smaller types for static storage.
"C:/Users/cgraf/Documents/School/Fall_2023/IoT/MSP432/inc/SSD1306_I2C.c", line 822: remark #2624-D: (ULP 5.4) Detected an assignment to a type with size less than int. To avoid unnecessary sign extension, use int-sized types for local varaibles and convert to smaller types for static storage.
"C:/Users/cgraf/Documents/School/Fall_2023/IoT/MSP432/inc/SSD1306_I2C.c", line 826: remark #2624-D: (ULP 5.4) Detected an assignment to a type with size less than int. To avoid unnecessary sign extension, use int-sized types for local varaibles and convert to smaller types for static storage.
"C:/Users/cgraf/Documents/School/Fall_2023/IoT/MSP432/inc/SSD1306_I2C.c", line 832: remark #2624-D: (ULP 5.4) Detected an assignment to a type with size less than int. To avoid unnecessary sign extension, use int-sized types for local varaibles and convert to smaller types for static storage.
"C:/Users/cgraf/Documents/School/Fall_2023/IoT/MSP432/inc/SSD1306_I2C.c", line 833: remark #2624-D: (ULP 5.4) Detected an assignment to a type with size less than int. To avoid unnecessary sign extension, use int-sized types for local varaibles and convert to smaller types for static storage.
"C:/Users/cgraf/Documents/School/Fall_2023/IoT/MSP432/inc/SSD1306_I2C.c", line 833: remark #2624-D: (ULP 5.4) Detected an assignment to a type with size less than int. To avoid unnecessary sign extension, use int-sized types for local varaibles and convert to smaller types for static storage.
"C:/Users/cgraf/Documents/School/Fall_2023/IoT/MSP432/inc/SSD1306_I2C.c", line 834: remark #2624-D: (ULP 5.4) Detected an assignment to a type with size less than int. To avoid unnecessary sign extension, use int-sized types for local varaibles and convert to smaller types for static storage.
"C:/Users/cgraf/Documents/School/Fall_2023/IoT/MSP432/inc/SSD1306_I2C.c", line 822: remark #2624-D: (ULP 5.4) Detected an assignment to a type with size less than int. To avoid unnecessary sign extension, use int-sized types for local varaibles and convert to smaller types for static storage.
"C:/Users/cgraf/Documents/School/Fall_2023/IoT/MSP432/inc/SSD1306_I2C.c", line 826: remark #2624-D: (ULP 5.4) Detected an assignment to a type with size less than int. To avoid unnecessary sign extension, use int-sized types for local varaibles and convert to smaller types for static storage.
"C:/Users/cgraf/Documents/School/Fall_2023/IoT/MSP432/inc/SSD1306_I2C.c", line 832: remark #2624-D: (ULP 5.4) Detected an assignment to a type with size less than int. To avoid unnecessary sign extension, use int-sized types for local varaibles and convert to smaller types for static storage.
"C:/Users/cgraf/Documents/School/Fall_2023/IoT/MSP432/inc/SSD1306_I2C.c", line 833: remark #2624-D: (ULP 5.4) Detected an assignment to a type with size less than int. To avoid unnecessary sign extension, use int-sized types for local varaibles and convert to smaller types for static storage.
"C:/Users/cgraf/Documents/School/Fall_2023/IoT/MSP432/inc/SSD1306_I2C.c", line 833: remark #2624-D: (ULP 5.4) Detected an assignment to a type with size less than int. To avoid unnecessary sign extension, use int-sized types for local varaibles and convert to smaller types for static storage.
"C:/Users/cgraf/Documents/School/Fall_2023/IoT/MSP432/inc/SSD1306_I2C.c", line 834: remark #2624-D: (ULP 5.4) Detected an assignment to a type with size less than int. To avoid unnecessary sign extension, use int-sized types for local varaibles and convert to smaller types for static storage.
"C:/Users/cgraf/Documents/School/Fall_2023/IoT/MSP432/inc/SSD1306_I2C.c", line 832: remark #2624-D: (ULP 5.4) Detected an assignment to a type with size less than int. To avoid unnecessary sign extension, use int-sized types for local varaibles and convert to smaller types for static storage.
"C:/Users/cgraf/Documents/School/Fall_2023/IoT/MSP432/inc/SSD1306_I2C.c", line 833: remark #2624-D: (ULP 5.4) Detected an assignment to a type with size less than int. To avoid unnecessary sign extension, use int-sized types for local varaibles and convert to smaller types for static storage.
"C:/Users/cgraf/Documents/School/Fall_2023/IoT/MSP432/inc/SSD1306_I2C.c", line 833: remark #2624-D: (ULP 5.4) Detected an assignment to a type with size less than int. To avoid unnecessary sign extension, use int-sized types for local varaibles and convert to smaller types for static storage.
"C:/Users/cgraf/Documents/School/Fall_2023/IoT/MSP432/inc/SSD1306_I2C.c", line 834: remark #2624-D: (ULP 5.4) Detected an assignment to a type with size less than int. To avoid unnecessary sign extension, use int-sized types for local varaibles and convert to smaller types for static storage.
"C:/Users/cgraf/Documents/School/Fall_2023/IoT/MSP432/inc/SSD1306_I2C.c", line 832: remark #2624-D: (ULP 5.4) Detected an assignment to a type with size less than int. To avoid unnecessary sign extension, use int-sized types for local varaibles and convert to smaller types for static storage.
"C:/Users/cgraf/Documents/School/Fall_2023/IoT/MSP432/inc/SSD1306_I2C.c", line 833: remark #2624-D: (ULP 5.4) Detected an assignment to a type with size less than int. To avoid unnecessary sign extension, use int-sized types for local varaibles and convert to smaller types for static storage.
"C:/Users/cgraf/Documents/School/Fall_2023/IoT/MSP432/inc/SSD1306_I2C.c", line 833: remark #2624-D: (ULP 5.4) Detected an assignment to a type with size less than int. To avoid unnecessary sign extension, use int-sized types for local varaibles and convert to smaller types for static storage.
"C:/Users/cgraf/Documents/School/Fall_2023/IoT/MSP432/inc/SSD1306_I2C.c", line 834: remark #2624-D: (ULP 5.4) Detected an assignment to a type with size less than int. To avoid unnecessary sign extension, use int-sized types for local varaibles and convert to smaller types for static storage.
"C:/Users/cgraf/Documents/School/Fall_2023/IoT/MSP432/inc/SSD1306_I2C.c", line 864: remark #2624-D: (ULP 5.4) Detected an assignment to a type with size less than int. To avoid unnecessary sign extension, use int-sized types for local varaibles and convert to smaller types for static storage.
"C:/Users/cgraf/Documents/School/Fall_2023/IoT/MSP432/inc/SSD1306_I2C.c", line 864: remark #2624-D: (ULP 5.4) Detected an assignment to a type with size less than int. To avoid unnecessary sign extension, use int-sized types for local varaibles and convert to smaller types for static storage.
"C:/Users/cgraf/Documents/School/Fall_2023/IoT/MSP432/inc/SSD1306_I2C.c", line 864: remark #2624-D: (ULP 5.4) Detected an assignment to a type with size less than int. To avoid unnecessary sign extension, use int-sized types for local varaibles and convert to smaller types for static storage.
"C:/Users/cgraf/Documents/School/Fall_2023/IoT/MSP432/inc/SSD1306_I2C.c", line 865: remark #2624-D: (ULP 5.4) Detected an assignment to a type with size less than int. To avoid unnecessary sign extension, use int-sized types for local varaibles and convert to smaller types for static storage.
"C:/Users/cgraf/Documents/School/Fall_2023/IoT/MSP432/inc/SSD1306_I2C.c", line 866: remark #2624-D: (ULP 5.4) Detected an assignment to a type with size less than int. To avoid unnecessary sign extension, use int-sized types for local varaibles and convert to smaller types for static storage.
"C:/Users/cgraf/Documents/School/Fall_2023/IoT/MSP432/inc/SSD1306_I2C.c", line 870: remark #2624-D: (ULP 5.4) Detected an assignment to a type with size less than int. To avoid unnecessary sign extension, use int-sized types for local varaibles and convert to smaller types for static storage.
"C:/Users/cgraf/Documents/School/Fall_2023/IoT/MSP432/inc/SSD1306_I2C.c", line 871: remark #2624-D: (ULP 5.4) Detected an assignment to a type with size less than int. To avoid unnecessary sign extension, use int-sized types for local varaibles and convert to smaller types for static storage.
"C:/Users/cgraf/Documents/School/Fall_2023/IoT/MSP432/inc/SSD1306_I2C.c", line 872: remark #2624-D: (ULP 5.4) Detected an assignment to a type with size less than int. To avoid unnecessary sign extension, use int-sized types for local varaibles and convert to smaller types for static storage.
"C:/Users/cgraf/Documents/School/Fall_2023/IoT/MSP432/inc/SSD1306_I2C.c", line 877: remark #2624-D: (ULP 5.4) Detected an assignment to a type with size less than int. To avoid unnecessary sign extension, use int-sized types for local varaibles and convert to smaller types for static storage.
"C:/Users/cgraf/Documents/School/Fall_2023/IoT/MSP432/inc/SSD1306_I2C.c", line 877: remark #2624-D: (ULP 5.4) Detected an assignment to a type with size less than int. To avoid unnecessary sign extension, use int-sized types for local varaibles and convert to smaller types for static storage.
"C:/Users/cgraf/Documents/School/Fall_2023/IoT/MSP432/inc/SSD1306_I2C.c", line 877: remark #2624-D: (ULP 5.4) Detected an assignment to a type with size less than int. To avoid unnecessary sign extension, use int-sized types for local varaibles and convert to smaller types for static storage.
"C:/Users/cgraf/Documents/School/Fall_2023/IoT/MSP432/inc/SSD1306_I2C.c", line 878: remark #2624-D: (ULP 5.4) Detected an assignment to a type with size less than int. To avoid unnecessary sign extension, use int-sized types for local varaibles and convert to smaller types for static storage.
"C:/Users/cgraf/Documents/School/Fall_2023/IoT/MSP432/inc/SSD1306_I2C.c", line 895: remark #2624-D: (ULP 5.4) Detected an assignment to a type with size less than int. To avoid unnecessary sign extension, use int-sized types for local varaibles and convert to smaller types for static storage.
"C:/Users/cgraf/Documents/School/Fall_2023/IoT/MSP432/inc/SSD1306_I2C.c", line 899: remark #2624-D: (ULP 5.4) Detected an assignment to a type with size less than int. To avoid unnecessary sign extension, use int-sized types for local varaibles and convert to smaller types for static storage.
"C:/Users/cgraf/Documents/School/Fall_2023/IoT/MSP432/inc/SSD1306_I2C.c", line 911: remark #2624-D: (ULP 5.4) Detected an assignment to a type with size less than int. To avoid unnecessary sign extension, use int-sized types for local varaibles and convert to smaller types for static storage.
"C:/Users/cgraf/Documents/School/Fall_2023/IoT/MSP432/inc/SSD1306_I2C.c", line 918: remark #2624-D: (ULP 5.4) Detected an assignment to a type with size less than int. To avoid unnecessary sign extension, use int-sized types for local varaibles and convert to smaller types for static storage.
"C:/Users/cgraf/Documents/School/Fall_2023/IoT/MSP432/inc/SSD1306_I2C.c", line 929: remark #2624-D: (ULP 5.4) Detected an assignment to a type with size less than int. To avoid unnecessary sign extension, use int-sized types for local varaibles and convert to smaller types for static storage.
"C:/Users/cgraf/Documents/School/Fall_2023/IoT/MSP432/inc/SSD1306_I2C.c", line 938: remark #2624-D: (ULP 5.4) Detected an assignment to a type with size less than int. To avoid unnecessary sign extension, use int-sized types for local varaibles and convert to smaller types for static storage.
"C:/Users/cgraf/Documents/School/Fall_2023/IoT/MSP432/inc/SSD1306_I2C.c", line 946: remark #2624-D: (ULP 5.4) Detected an assignment to a type with size less than int. To avoid unnecessary sign extension, use int-sized types for local varaibles and convert to smaller types for static storage.
"C:/Users/cgraf/Documents/School/Fall_2023/IoT/MSP432/inc/SSD1306_I2C.c", line 952: remark #2624-D: (ULP 5.4) Detected an assignment to a type with size less than int. To avoid unnecessary sign extension, use int-sized types for local varaibles and convert to smaller types for static storage.
"C:/Users/cgraf/Documents/School/Fall_2023/IoT/MSP432/inc/SSD1306_I2C.c", line 895: remark #2624-D: (ULP 5.4) Detected an assignment to a type with size less than int. To avoid unnecessary sign extension, use int-sized types for local varaibles and convert to smaller types for static storage.
"C:/Users/cgraf/Documents/School/Fall_2023/IoT/MSP432/inc/SSD1306_I2C.c", line 899: remark #2624-D: (ULP 5.4) Detected an assignment to a type with size less than int. To avoid unnecessary sign extension, use int-sized types for local varaibles and convert to smaller types for static storage.
"C:/Users/cgraf/Documents/School/Fall_2023/IoT/MSP432/inc/SSD1306_I2C.c", line 911: remark #2624-D: (ULP 5.4) Detected an assignment to a type with size less than int. To avoid unnecessary sign extension, use int-sized types for local varaibles and convert to smaller types for static storage.
"C:/Users/cgraf/Documents/School/Fall_2023/IoT/MSP432/inc/SSD1306_I2C.c", line 918: remark #2624-D: (ULP 5.4) Detected an assignment to a type with size less than int. To avoid unnecessary sign extension, use int-sized types for local varaibles and convert to smaller types for static storage.
"C:/Users/cgraf/Documents/School/Fall_2023/IoT/MSP432/inc/SSD1306_I2C.c", line 929: remark #2624-D: (ULP 5.4) Detected an assignment to a type with size less than int. To avoid unnecessary sign extension, use int-sized types for local varaibles and convert to smaller types for static storage.
"C:/Users/cgraf/Documents/School/Fall_2023/IoT/MSP432/inc/SSD1306_I2C.c", line 938: remark #2624-D: (ULP 5.4) Detected an assignment to a type with size less than int. To avoid unnecessary sign extension, use int-sized types for local varaibles and convert to smaller types for static storage.
"C:/Users/cgraf/Documents/School/Fall_2023/IoT/MSP432/inc/SSD1306_I2C.c", line 946: remark #2624-D: (ULP 5.4) Detected an assignment to a type with size less than int. To avoid unnecessary sign extension, use int-sized types for local varaibles and convert to smaller types for static storage.
"C:/Users/cgraf/Documents/School/Fall_2023/IoT/MSP432/inc/SSD1306_I2C.c", line 952: remark #2624-D: (ULP 5.4) Detected an assignment to a type with size less than int. To avoid unnecessary sign extension, use int-sized types for local varaibles and convert to smaller types for static storage.
"C:/Users/cgraf/Documents/School/Fall_2023/IoT/MSP432/inc/SSD1306_I2C.c", line 895: remark #2624-D: (ULP 5.4) Detected an assignment to a type with size less than int. To avoid unnecessary sign extension, use int-sized types for local varaibles and convert to smaller types for static storage.
"C:/Users/cgraf/Documents/School/Fall_2023/IoT/MSP432/inc/SSD1306_I2C.c", line 899: remark #2624-D: (ULP 5.4) Detected an assignment to a type with size less than int. To avoid unnecessary sign extension, use int-sized types for local varaibles and convert to smaller types for static storage.
"C:/Users/cgraf/Documents/School/Fall_2023/IoT/MSP432/inc/SSD1306_I2C.c", line 911: remark #2624-D: (ULP 5.4) Detected an assignment to a type with size less than int. To avoid unnecessary sign extension, use int-sized types for local varaibles and convert to smaller types for static storage.
"C:/Users/cgraf/Documents/School/Fall_2023/IoT/MSP432/inc/SSD1306_I2C.c", line 918: remark #2624-D: (ULP 5.4) Detected an assignment to a type with size less than int. To avoid unnecessary sign extension, use int-sized types for local varaibles and convert to smaller types for static storage.
"C:/Users/cgraf/Documents/School/Fall_2023/IoT/MSP432/inc/SSD1306_I2C.c", line 929: remark #2624-D: (ULP 5.4) Detected an assignment to a type with size less than int. To avoid unnecessary sign extension, use int-sized types for local varaibles and convert to smaller types for static storage.
"C:/Users/cgraf/Documents/School/Fall_2023/IoT/MSP432/inc/SSD1306_I2C.c", line 938: remark #2624-D: (ULP 5.4) Detected an assignment to a type with size less than int. To avoid unnecessary sign extension, use int-sized types for local varaibles and convert to smaller types for static storage.
"C:/Users/cgraf/Documents/School/Fall_2023/IoT/MSP432/inc/SSD1306_I2C.c", line 946: remark #2624-D: (ULP 5.4) Detected an assignment to a type with size less than int. To avoid unnecessary sign extension, use int-sized types for local varaibles and convert to smaller types for static storage.
"C:/Users/cgraf/Documents/School/Fall_2023/IoT/MSP432/inc/SSD1306_I2C.c", line 952: remark #2624-D: (ULP 5.4) Detected an assignment to a type with size less than int. To avoid unnecessary sign extension, use int-sized types for local varaibles and convert to smaller types for static storage.
"C:/Users/cgraf/Documents/School/Fall_2023/IoT/MSP432/inc/SSD1306_I2C.c", line 911: remark #2624-D: (ULP 5.4) Detected an assignment to a type with size less than int. To avoid unnecessary sign extension, use int-sized types for local varaibles and convert to smaller types for static storage.
"C:/Users/cgraf/Documents/School/Fall_2023/IoT/MSP432/inc/SSD1306_I2C.c", line 918: remark #2624-D: (ULP 5.4) Detected an assignment to a type with size less than int. To avoid unnecessary sign extension, use int-sized types for local varaibles and convert to smaller types for static storage.
"C:/Users/cgraf/Documents/School/Fall_2023/IoT/MSP432/inc/SSD1306_I2C.c", line 929: remark #2624-D: (ULP 5.4) Detected an assignment to a type with size less than int. To avoid unnecessary sign extension, use int-sized types for local varaibles and convert to smaller types for static storage.
"C:/Users/cgraf/Documents/School/Fall_2023/IoT/MSP432/inc/SSD1306_I2C.c", line 938: remark #2624-D: (ULP 5.4) Detected an assignment to a type with size less than int. To avoid unnecessary sign extension, use int-sized types for local varaibles and convert to smaller types for static storage.
"C:/Users/cgraf/Documents/School/Fall_2023/IoT/MSP432/inc/SSD1306_I2C.c", line 946: remark #2624-D: (ULP 5.4) Detected an assignment to a type with size less than int. To avoid unnecessary sign extension, use int-sized types for local varaibles and convert to smaller types for static storage.
"C:/Users/cgraf/Documents/School/Fall_2023/IoT/MSP432/inc/SSD1306_I2C.c", line 952: remark #2624-D: (ULP 5.4) Detected an assignment to a type with size less than int. To avoid unnecessary sign extension, use int-sized types for local varaibles and convert to smaller types for static storage.
"C:/Users/cgraf/Documents/School/Fall_2023/IoT/MSP432/inc/SSD1306_I2C.c", line 911: remark #2624-D: (ULP 5.4) Detected an assignment to a type with size less than int. To avoid unnecessary sign extension, use int-sized types for local varaibles and convert to smaller types for static storage.
"C:/Users/cgraf/Documents/School/Fall_2023/IoT/MSP432/inc/SSD1306_I2C.c", line 918: remark #2624-D: (ULP 5.4) Detected an assignment to a type with size less than int. To avoid unnecessary sign extension, use int-sized types for local varaibles and convert to smaller types for static storage.
"C:/Users/cgraf/Documents/School/Fall_2023/IoT/MSP432/inc/SSD1306_I2C.c", line 929: remark #2624-D: (ULP 5.4) Detected an assignment to a type with size less than int. To avoid unnecessary sign extension, use int-sized types for local varaibles and convert to smaller types for static storage.
"C:/Users/cgraf/Documents/School/Fall_2023/IoT/MSP432/inc/SSD1306_I2C.c", line 938: remark #2624-D: (ULP 5.4) Detected an assignment to a type with size less than int. To avoid unnecessary sign extension, use int-sized types for local varaibles and convert to smaller types for static storage.
"C:/Users/cgraf/Documents/School/Fall_2023/IoT/MSP432/inc/SSD1306_I2C.c", line 946: remark #2624-D: (ULP 5.4) Detected an assignment to a type with size less than int. To avoid unnecessary sign extension, use int-sized types for local varaibles and convert to smaller types for static storage.
"C:/Users/cgraf/Documents/School/Fall_2023/IoT/MSP432/inc/SSD1306_I2C.c", line 952: remark #2624-D: (ULP 5.4) Detected an assignment to a type with size less than int. To avoid unnecessary sign extension, use int-sized types for local varaibles and convert to smaller types for static storage.
"C:/Users/cgraf/Documents/School/Fall_2023/IoT/MSP432/inc/SSD1306_I2C.c", line 911: remark #2624-D: (ULP 5.4) Detected an assignment to a type with size less than int. To avoid unnecessary sign extension, use int-sized types for local varaibles and convert to smaller types for static storage.
"C:/Users/cgraf/Documents/School/Fall_2023/IoT/MSP432/inc/SSD1306_I2C.c", line 918: remark #2624-D: (ULP 5.4) Detected an assignment to a type with size less than int. To avoid unnecessary sign extension, use int-sized types for local varaibles and convert to smaller types for static storage.
"C:/Users/cgraf/Documents/School/Fall_2023/IoT/MSP432/inc/SSD1306_I2C.c", line 911: remark #2624-D: (ULP 5.4) Detected an assignment to a type with size less than int. To avoid unnecessary sign extension, use int-sized types for local varaibles and convert to smaller types for static storage.
"C:/Users/cgraf/Documents/School/Fall_2023/IoT/MSP432/inc/SSD1306_I2C.c", line 918: remark #2624-D: (ULP 5.4) Detected an assignment to a type with size less than int. To avoid unnecessary sign extension, use int-sized types for local varaibles and convert to smaller types for static storage.
"C:/Users/cgraf/Documents/School/Fall_2023/IoT/MSP432/inc/SSD1306_I2C.c", line 929: remark #2624-D: (ULP 5.4) Detected an assignment to a type with size less than int. To avoid unnecessary sign extension, use int-sized types for local varaibles and convert to smaller types for static storage.
"C:/Users/cgraf/Documents/School/Fall_2023/IoT/MSP432/inc/SSD1306_I2C.c", line 938: remark #2624-D: (ULP 5.4) Detected an assignment to a type with size less than int. To avoid unnecessary sign extension, use int-sized types for local varaibles and convert to smaller types for static storage.
"C:/Users/cgraf/Documents/School/Fall_2023/IoT/MSP432/inc/SSD1306_I2C.c", line 946: remark #2624-D: (ULP 5.4) Detected an assignment to a type with size less than int. To avoid unnecessary sign extension, use int-sized types for local varaibles and convert to smaller types for static storage.
"C:/Users/cgraf/Documents/School/Fall_2023/IoT/MSP432/inc/SSD1306_I2C.c", line 952: remark #2624-D: (ULP 5.4) Detected an assignment to a type with size less than int. To avoid unnecessary sign extension, use int-sized types for local varaibles and convert to smaller types for static storage.
"C:/Users/cgraf/Documents/School/Fall_2023/IoT/MSP432/inc/SSD1306_I2C.c", line 929: remark #2624-D: (ULP 5.4) Detected an assignment to a type with size less than int. To avoid unnecessary sign extension, use int-sized types for local varaibles and convert to smaller types for static storage.
"C:/Users/cgraf/Documents/School/Fall_2023/IoT/MSP432/inc/SSD1306_I2C.c", line 938: remark #2624-D: (ULP 5.4) Detected an assignment to a type with size less than int. To avoid unnecessary sign extension, use int-sized types for local varaibles and convert to smaller types for static storage.
"C:/Users/cgraf/Documents/School/Fall_2023/IoT/MSP432/inc/SSD1306_I2C.c", line 946: remark #2624-D: (ULP 5.4) Detected an assignment to a type with size less than int. To avoid unnecessary sign extension, use int-sized types for local varaibles and convert to smaller types for static storage.
"C:/Users/cgraf/Documents/School/Fall_2023/IoT/MSP432/inc/SSD1306_I2C.c", line 952: remark #2624-D: (ULP 5.4) Detected an assignment to a type with size less than int. To avoid unnecessary sign extension, use int-sized types for local varaibles and convert to smaller types for static storage.
"C:/Users/cgraf/Documents/School/Fall_2023/IoT/MSP432/inc/SSD1306_I2C.c", line 938: remark #2624-D: (ULP 5.4) Detected an assignment to a type with size less than int. To avoid unnecessary sign extension, use int-sized types for local varaibles and convert to smaller types for static storage.
"C:/Users/cgraf/Documents/School/Fall_2023/IoT/MSP432/inc/SSD1306_I2C.c", line 946: remark #2624-D: (ULP 5.4) Detected an assignment to a type with size less than int. To avoid unnecessary sign extension, use int-sized types for local varaibles and convert to smaller types for static storage.
"C:/Users/cgraf/Documents/School/Fall_2023/IoT/MSP432/inc/SSD1306_I2C.c", line 938: remark #2624-D: (ULP 5.4) Detected an assignment to a type with size less than int. To avoid unnecessary sign extension, use int-sized types for local varaibles and convert to smaller types for static storage.
"C:/Users/cgraf/Documents/School/Fall_2023/IoT/MSP432/inc/SSD1306_I2C.c", line 946: remark #2624-D: (ULP 5.4) Detected an assignment to a type with size less than int. To avoid unnecessary sign extension, use int-sized types for local varaibles and convert to smaller types for static storage.
"C:/Users/cgraf/Documents/School/Fall_2023/IoT/MSP432/inc/SSD1306_I2C.c", line 938: remark #2624-D: (ULP 5.4) Detected an assignment to a type with size less than int. To avoid unnecessary sign extension, use int-sized types for local varaibles and convert to smaller types for static storage.
"C:/Users/cgraf/Documents/School/Fall_2023/IoT/MSP432/inc/SSD1306_I2C.c", line 946: remark #2624-D: (ULP 5.4) Detected an assignment to a type with size less than int. To avoid unnecessary sign extension, use int-sized types for local varaibles and convert to smaller types for static storage.
"C:/Users/cgraf/Documents/School/Fall_2023/IoT/MSP432/inc/SSD1306_I2C.c", line 946: remark #2624-D: (ULP 5.4) Detected an assignment to a type with size less than int. To avoid unnecessary sign extension, use int-sized types for local varaibles and convert to smaller types for static storage.
"C:/Users/cgraf/Documents/School/Fall_2023/IoT/MSP432/inc/SSD1306_I2C.c", line 952: remark #2624-D: (ULP 5.4) Detected an assignment to a type with size less than int. To avoid unnecessary sign extension, use int-sized types for local varaibles and convert to smaller types for static storage.
"C:/Users/cgraf/Documents/School/Fall_2023/IoT/MSP432/inc/SSD1306_I2C.c", line 952: remark #2624-D: (ULP 5.4) Detected an assignment to a type with size less than int. To avoid unnecessary sign extension, use int-sized types for local varaibles and convert to smaller types for static storage.
"C:/Users/cgraf/Documents/School/Fall_2023/IoT/MSP432/inc/SSD1306_I2C.c", line 987: remark #2624-D: (ULP 5.4) Detected an assignment to a type with size less than int. To avoid unnecessary sign extension, use int-sized types for local varaibles and convert to smaller types for static storage.
"C:/Users/cgraf/Documents/School/Fall_2023/IoT/MSP432/inc/SSD1306_I2C.c", line 987: remark #2624-D: (ULP 5.4) Detected an assignment to a type with size less than int. To avoid unnecessary sign extension, use int-sized types for local varaibles and convert to smaller types for static storage.
"C:/Users/cgraf/Documents/School/Fall_2023/IoT/MSP432/inc/SSD1306_I2C.c", line 987: remark #2624-D: (ULP 5.4) Detected an assignment to a type with size less than int. To avoid unnecessary sign extension, use int-sized types for local varaibles and convert to smaller types for static storage.
"C:/Users/cgraf/Documents/School/Fall_2023/IoT/MSP432/inc/SSD1306_I2C.c", line 988: remark #2624-D: (ULP 5.4) Detected an assignment to a type with size less than int. To avoid unnecessary sign extension, use int-sized types for local varaibles and convert to smaller types for static storage.
"C:/Users/cgraf/Documents/School/Fall_2023/IoT/MSP432/inc/SSD1306_I2C.c", line 991: remark #2624-D: (ULP 5.4) Detected an assignment to a type with size less than int. To avoid unnecessary sign extension, use int-sized types for local varaibles and convert to smaller types for static storage.
"C:/Users/cgraf/Documents/School/Fall_2023/IoT/MSP432/inc/SSD1306_I2C.c", line 992: remark #2624-D: (ULP 5.4) Detected an assignment to a type with size less than int. To avoid unnecessary sign extension, use int-sized types for local varaibles and convert to smaller types for static storage.
"C:/Users/cgraf/Documents/School/Fall_2023/IoT/MSP432/inc/SSD1306_I2C.c", line 995: remark #2624-D: (ULP 5.4) Detected an assignment to a type with size less than int. To avoid unnecessary sign extension, use int-sized types for local varaibles and convert to smaller types for static storage.
"C:/Users/cgraf/Documents/School/Fall_2023/IoT/MSP432/inc/SSD1306_I2C.c", line 995: remark #2624-D: (ULP 5.4) Detected an assignment to a type with size less than int. To avoid unnecessary sign extension, use int-sized types for local varaibles and convert to smaller types for static storage.
"C:/Users/cgraf/Documents/School/Fall_2023/IoT/MSP432/inc/SSD1306_I2C.c", line 995: remark #2624-D: (ULP 5.4) Detected an assignment to a type with size less than int. To avoid unnecessary sign extension, use int-sized types for local varaibles and convert to smaller types for static storage.
"C:/Users/cgraf/Documents/School/Fall_2023/IoT/MSP432/inc/SSD1306_I2C.c", line 996: remark #2624-D: (ULP 5.4) Detected an assignment to a type with size less than int. To avoid unnecessary sign extension, use int-sized types for local varaibles and convert to smaller types for static storage.
"C:/Users/cgraf/Documents/School/Fall_2023/IoT/MSP432/inc/SSD1306_I2C.c", line 1235: remark #2624-D: (ULP 5.4) Detected an assignment to a type with size less than int. To avoid unnecessary sign extension, use int-sized types for local varaibles and convert to smaller types for static storage.
"C:/Users/cgraf/Documents/School/Fall_2023/IoT/MSP432/inc/SSD1306_I2C.c", line 1434: remark #2624-D: (ULP 5.4) Detected an assignment to a type with size less than int. To avoid unnecessary sign extension, use int-sized types for local varaibles and convert to smaller types for static storage.
"C:/Users/cgraf/Documents/School/Fall_2023/IoT/MSP432/inc/SSD1306_I2C.c", line 1441: remark #2624-D: (ULP 5.4) Detected an assignment to a type with size less than int. To avoid unnecessary sign extension, use int-sized types for local varaibles and convert to smaller types for static storage.
"C:/Users/cgraf/Documents/School/Fall_2023/IoT/MSP432/inc/SSD1306_I2C.c", line 1443: remark #2624-D: (ULP 5.4) Detected an assignment to a type with size less than int. To avoid unnecessary sign extension, use int-sized types for local varaibles and convert to smaller types for static storage.
"C:/Users/cgraf/Documents/School/Fall_2023/IoT/MSP432/inc/SSD1306_I2C.c", line 1449: remark #2624-D: (ULP 5.4) Detected an assignment to a type with size less than int. To avoid unnecessary sign extension, use int-sized types for local varaibles and convert to smaller types for static storage.
"C:/Users/cgraf/Documents/School/Fall_2023/IoT/MSP432/inc/SSD1306_I2C.c", line 1451: remark #2624-D: (ULP 5.4) Detected an assignment to a type with size less than int. To avoid unnecessary sign extension, use int-sized types for local varaibles and convert to smaller types for static storage.
"C:/Users/cgraf/Documents/School/Fall_2023/IoT/MSP432/inc/SSD1306_I2C.c", line 1453: remark #2624-D: (ULP 5.4) Detected an assignment to a type with size less than int. To avoid unnecessary sign extension, use int-sized types for local varaibles and convert to smaller types for static storage.
"C:/Users/cgraf/Documents/School/Fall_2023/IoT/MSP432/inc/SSD1306_I2C.c", line 1471: remark #2624-D: (ULP 5.4) Detected an assignment to a type with size less than int. To avoid unnecessary sign extension, use int-sized types for local varaibles and convert to smaller types for static storage.
"C:/Users/cgraf/Documents/School/Fall_2023/IoT/MSP432/inc/SSD1306_I2C.c", line 1486: remark #2624-D: (ULP 5.4) Detected an assignment to a type with size less than int. To avoid unnecessary sign extension, use int-sized types for local varaibles and convert to smaller types for static storage.
"C:/Users/cgraf/Documents/School/Fall_2023/IoT/MSP432/inc/SSD1306_I2C.c", line 1494: remark #2624-D: (ULP 5.4) Detected an assignment to a type with size less than int. To avoid unnecessary sign extension, use int-sized types for local varaibles and convert to smaller types for static storage.
"C:/Users/cgraf/Documents/School/Fall_2023/IoT/MSP432/inc/SSD1306_I2C.c", line 1496: remark #2624-D: (ULP 5.4) Detected an assignment to a type with size less than int. To avoid unnecessary sign extension, use int-sized types for local varaibles and convert to smaller types for static storage.
"C:/Users/cgraf/Documents/School/Fall_2023/IoT/MSP432/inc/SSD1306_I2C.c", line 1503: remark #2624-D: (ULP 5.4) Detected an assignment to a type with size less than int. To avoid unnecessary sign extension, use int-sized types for local varaibles and convert to smaller types for static storage.
"C:/Users/cgraf/Documents/School/Fall_2023/IoT/MSP432/inc/SSD1306_I2C.c", line 1505: remark #2624-D: (ULP 5.4) Detected an assignment to a type with size less than int. To avoid unnecessary sign extension, use int-sized types for local varaibles and convert to smaller types for static storage.
"C:/Users/cgraf/Documents/School/Fall_2023/IoT/MSP432/inc/SSD1306_I2C.c", line 1507: remark #2624-D: (ULP 5.4) Detected an assignment to a type with size less than int. To avoid unnecessary sign extension, use int-sized types for local varaibles and convert to smaller types for static storage.
"C:/Users/cgraf/Documents/School/Fall_2023/IoT/MSP432/inc/SSD1306_I2C.c", line 1522: remark #2624-D: (ULP 5.4) Detected an assignment to a type with size less than int. To avoid unnecessary sign extension, use int-sized types for local varaibles and convert to smaller types for static storage.
"C:/Users/cgraf/Documents/School/Fall_2023/IoT/MSP432/inc/SSD1306_I2C.c", line 1527: remark #2624-D: (ULP 5.4) Detected an assignment to a type with size less than int. To avoid unnecessary sign extension, use int-sized types for local varaibles and convert to smaller types for static storage.
"C:/Users/cgraf/Documents/School/Fall_2023/IoT/MSP432/inc/SSD1306_I2C.c", line 1573: remark #2624-D: (ULP 5.4) Detected an assignment to a type with size less than int. To avoid unnecessary sign extension, use int-sized types for local varaibles and convert to smaller types for static storage.
Finished building: "C:/Users/cgraf/Documents/School/Fall_2023/IoT/MSP432/inc/SSD1306_I2C.c"
 
Building target: "IoT_Lab1_SubGHz.out"
Invoking: Arm Linker
"C:/ti/ccs1120/ccs/tools/compiler/ti-cgt-arm_20.2.5.LTS/bin/armcl" -mv7M4 --code_state=16 --float_support=FPv4SPD16 -me --advice:power=all --define=__MSP432P401R__ --define=ccs -g --c99 --gcc --diag_warning=225 --diag_wrap=off --display_error_number --abi=eabi -z -m"IoT_Lab1_SubGHz.map" --heap_size=1024 --stack_size=512 -i"C:/ti/ccs1120/ccs/ccs_base/arm/include" -i"C:/ti/ccs1120/ccs/tools/compiler/ti-cgt-arm_20.2.5.LTS/lib" -i"C:/ti/ccs1120/ccs/tools/compiler/ti-cgt-arm_20.2.5.LTS/include" --reread_libs --diag_wrap=off --display_error_number --warn_sections --xml_link_info="IoT_Lab1_SubGHz_linkInfo.xml" --rom_model -o "IoT_Lab1_SubGHz.out" "./Clock.obj" "./CortexM.obj" "./I2CB1.obj" "./LaunchPad.obj" "./SSD1306_I2C.obj" "./Seeed_HC12main.obj" "./SysTickInts.obj" "./UART0.obj" "./UART1.obj" "./startup_msp432p401r_ccs.obj" "./system_msp432p401r.obj" "../msp432p401r.cmd"  -llibc.a 
<Linking>
remark #10371-D: (ULP 1.1) Detected no uses of low power mode state changing instructions
remark #10372-D: (ULP 4.1) Detected uninitialized Port 1 in this project. Recommend initializing all unused ports to eliminate wasted current consumption on unused pins.
remark #10372-D: (ULP 4.1) Detected uninitialized Port 2 in this project. Recommend initializing all unused ports to eliminate wasted current consumption on unused pins.
remark #10372-D: (ULP 4.1) Detected uninitialized Port 3 in this project. Recommend initializing all unused ports to eliminate wasted current consumption on unused pins.
remark #10372-D: (ULP 4.1) Detected uninitialized Port 4 in this project. Recommend initializing all unused ports to eliminate wasted current consumption on unused pins.
remark #10372-D: (ULP 4.1) Detected uninitialized Port 5 in this project. Recommend initializing all unused ports to eliminate wasted current consumption on unused pins.
remark #10372-D: (ULP 4.1) Detected uninitialized Port 6 in this project. Recommend initializing all unused ports to eliminate wasted current consumption on unused pins.
remark #10372-D: (ULP 4.1) Detected uninitialized Port 7 in this project. Recommend initializing all unused ports to eliminate wasted current consumption on unused pins.
remark #10372-D: (ULP 4.1) Detected uninitialized Port 8 in this project. Recommend initializing all unused ports to eliminate wasted current consumption on unused pins.
remark #10372-D: (ULP 4.1) Detected uninitialized Port 9 in this project. Recommend initializing all unused ports to eliminate wasted current consumption on unused pins.
remark #10372-D: (ULP 4.1) Detected uninitialized Port 10 in this project. Recommend initializing all unused ports to eliminate wasted current consumption on unused pins.
Finished building target: "IoT_Lab1_SubGHz.out"
 

**** Build Finished ****
