
**** Build of configuration Debug for project RSLK_BLE ****

"C:\\ti\\ccs1120\\ccs\\utils\\bin\\gmake" -k -j 16 all -O 
 
Building file: "C:/Users/cgraf/Documents/School/Fall_2023/IoT/MSP432/inc/CortexM.c"
Invoking: Arm Compiler
"C:/ti/ccs1120/ccs/tools/compiler/ti-cgt-arm_20.2.5.LTS/bin/armcl" -mv7M4 --code_state=16 --float_support=FPv4SPD16 -me --include_path="C:/ti/ccs1120/ccs/tools/compiler/ti-cgt-arm_20.2.5.LTS/include" --include_path="C:/ti/ccs1120/ccs/ccs_base/arm/include" --include_path="C:/ti/ccs1120/ccs/ccs_base/arm/include/CMSIS" --advice:power=all --define=__MSP432P401R__ --define=TARGET_IS_MSP432P4XX --define=ccs -g --c99 --gcc --diag_warning=225 --diag_wrap=off --display_error_number --abi=eabi --preproc_with_compile --preproc_dependency="CortexM.d_raw"  "C:/Users/cgraf/Documents/School/Fall_2023/IoT/MSP432/inc/CortexM.c"
Finished building: "C:/Users/cgraf/Documents/School/Fall_2023/IoT/MSP432/inc/CortexM.c"
 
Building file: "C:/Users/cgraf/Documents/School/Fall_2023/IoT/MSP432/inc/Bump.c"
Invoking: Arm Compiler
"C:/ti/ccs1120/ccs/tools/compiler/ti-cgt-arm_20.2.5.LTS/bin/armcl" -mv7M4 --code_state=16 --float_support=FPv4SPD16 -me --include_path="C:/ti/ccs1120/ccs/tools/compiler/ti-cgt-arm_20.2.5.LTS/include" --include_path="C:/ti/ccs1120/ccs/ccs_base/arm/include" --include_path="C:/ti/ccs1120/ccs/ccs_base/arm/include/CMSIS" --advice:power=all --define=__MSP432P401R__ --define=TARGET_IS_MSP432P4XX --define=ccs -g --c99 --gcc --diag_warning=225 --diag_wrap=off --display_error_number --abi=eabi --preproc_with_compile --preproc_dependency="Bump.d_raw"  "C:/Users/cgraf/Documents/School/Fall_2023/IoT/MSP432/inc/Bump.c"
Finished building: "C:/Users/cgraf/Documents/School/Fall_2023/IoT/MSP432/inc/Bump.c"
 
Building file: "C:/Users/cgraf/Documents/School/Fall_2023/IoT/MSP432/inc/Clock.c"
Invoking: Arm Compiler
"C:/ti/ccs1120/ccs/tools/compiler/ti-cgt-arm_20.2.5.LTS/bin/armcl" -mv7M4 --code_state=16 --float_support=FPv4SPD16 -me --include_path="C:/ti/ccs1120/ccs/tools/compiler/ti-cgt-arm_20.2.5.LTS/include" --include_path="C:/ti/ccs1120/ccs/ccs_base/arm/include" --include_path="C:/ti/ccs1120/ccs/ccs_base/arm/include/CMSIS" --advice:power=all --define=__MSP432P401R__ --define=TARGET_IS_MSP432P4XX --define=ccs -g --c99 --gcc --diag_warning=225 --diag_wrap=off --display_error_number --abi=eabi --preproc_with_compile --preproc_dependency="Clock.d_raw"  "C:/Users/cgraf/Documents/School/Fall_2023/IoT/MSP432/inc/Clock.c"
Finished building: "C:/Users/cgraf/Documents/School/Fall_2023/IoT/MSP432/inc/Clock.c"
 
Building file: "C:/Users/cgraf/Documents/School/Fall_2023/IoT/MSP432/inc/GPIO.c"
Invoking: Arm Compiler
"C:/ti/ccs1120/ccs/tools/compiler/ti-cgt-arm_20.2.5.LTS/bin/armcl" -mv7M4 --code_state=16 --float_support=FPv4SPD16 -me --include_path="C:/ti/ccs1120/ccs/tools/compiler/ti-cgt-arm_20.2.5.LTS/include" --include_path="C:/ti/ccs1120/ccs/ccs_base/arm/include" --include_path="C:/ti/ccs1120/ccs/ccs_base/arm/include/CMSIS" --advice:power=all --define=__MSP432P401R__ --define=TARGET_IS_MSP432P4XX --define=ccs -g --c99 --gcc --diag_warning=225 --diag_wrap=off --display_error_number --abi=eabi --preproc_with_compile --preproc_dependency="GPIO.d_raw"  "C:/Users/cgraf/Documents/School/Fall_2023/IoT/MSP432/inc/GPIO.c"
Finished building: "C:/Users/cgraf/Documents/School/Fall_2023/IoT/MSP432/inc/GPIO.c"
 
Building file: "C:/Users/cgraf/Documents/School/Fall_2023/IoT/MSP432/inc/I2CB1.c"
Invoking: Arm Compiler
"C:/ti/ccs1120/ccs/tools/compiler/ti-cgt-arm_20.2.5.LTS/bin/armcl" -mv7M4 --code_state=16 --float_support=FPv4SPD16 -me --include_path="C:/ti/ccs1120/ccs/tools/compiler/ti-cgt-arm_20.2.5.LTS/include" --include_path="C:/ti/ccs1120/ccs/ccs_base/arm/include" --include_path="C:/ti/ccs1120/ccs/ccs_base/arm/include/CMSIS" --advice:power=all --define=__MSP432P401R__ --define=TARGET_IS_MSP432P4XX --define=ccs -g --c99 --gcc --diag_warning=225 --diag_wrap=off --display_error_number --abi=eabi --preproc_with_compile --preproc_dependency="I2CB1.d_raw"  "C:/Users/cgraf/Documents/School/Fall_2023/IoT/MSP432/inc/I2CB1.c"
"C:/Users/cgraf/Documents/School/Fall_2023/IoT/MSP432/inc/I2CB1.c", line 95: remark #1527-D: (ULP 2.1) Detected SW delay loop using empty loop. Recommend using a timer module instead
"C:/Users/cgraf/Documents/School/Fall_2023/IoT/MSP432/inc/I2CB1.c", line 101: remark #1527-D: (ULP 2.1) Detected SW delay loop using empty loop. Recommend using a timer module instead
"C:/Users/cgraf/Documents/School/Fall_2023/IoT/MSP432/inc/I2CB1.c", line 104: remark #1527-D: (ULP 2.1) Detected SW delay loop using empty loop. Recommend using a timer module instead
"C:/Users/cgraf/Documents/School/Fall_2023/IoT/MSP432/inc/I2CB1.c", line 101: remark #1527-D: (ULP 2.1) Detected SW delay loop using empty loop. Recommend using a timer module instead
"C:/Users/cgraf/Documents/School/Fall_2023/IoT/MSP432/inc/I2CB1.c", line 122: remark #1527-D: (ULP 2.1) Detected SW delay loop using empty loop. Recommend using a timer module instead
"C:/Users/cgraf/Documents/School/Fall_2023/IoT/MSP432/inc/I2CB1.c", line 125: remark #1527-D: (ULP 2.1) Detected SW delay loop using empty loop. Recommend using a timer module instead
"C:/Users/cgraf/Documents/School/Fall_2023/IoT/MSP432/inc/I2CB1.c", line 122: remark #1527-D: (ULP 2.1) Detected SW delay loop using empty loop. Recommend using a timer module instead
"C:/Users/cgraf/Documents/School/Fall_2023/IoT/MSP432/inc/I2CB1.c", line 128: remark #1527-D: (ULP 2.1) Detected SW delay loop using empty loop. Recommend using a timer module instead
"C:/Users/cgraf/Documents/School/Fall_2023/IoT/MSP432/inc/I2CB1.c", line 132: remark #1527-D: (ULP 2.1) Detected SW delay loop using empty loop. Recommend using a timer module instead
"C:/Users/cgraf/Documents/School/Fall_2023/IoT/MSP432/inc/I2CB1.c", line 134: remark #1527-D: (ULP 2.1) Detected SW delay loop using empty loop. Recommend using a timer module instead
"C:/Users/cgraf/Documents/School/Fall_2023/IoT/MSP432/inc/I2CB1.c", line 140: remark #1527-D: (ULP 2.1) Detected SW delay loop using empty loop. Recommend using a timer module instead
"C:/Users/cgraf/Documents/School/Fall_2023/IoT/MSP432/inc/I2CB1.c", line 145: remark #1527-D: (ULP 2.1) Detected SW delay loop using empty loop. Recommend using a timer module instead
"C:/Users/cgraf/Documents/School/Fall_2023/IoT/MSP432/inc/I2CB1.c", line 147: remark #1527-D: (ULP 2.1) Detected SW delay loop using empty loop. Recommend using a timer module instead
"C:/Users/cgraf/Documents/School/Fall_2023/IoT/MSP432/inc/I2CB1.c", line 149: remark #1527-D: (ULP 2.1) Detected SW delay loop using empty loop. Recommend using a timer module instead
"C:/Users/cgraf/Documents/School/Fall_2023/IoT/MSP432/inc/I2CB1.c", line 155: remark #1527-D: (ULP 2.1) Detected SW delay loop using empty loop. Recommend using a timer module instead
"C:/Users/cgraf/Documents/School/Fall_2023/IoT/MSP432/inc/I2CB1.c", line 160: remark #1527-D: (ULP 2.1) Detected SW delay loop using empty loop. Recommend using a timer module instead
"C:/Users/cgraf/Documents/School/Fall_2023/IoT/MSP432/inc/I2CB1.c", line 162: remark #1527-D: (ULP 2.1) Detected SW delay loop using empty loop. Recommend using a timer module instead
"C:/Users/cgraf/Documents/School/Fall_2023/IoT/MSP432/inc/I2CB1.c", line 164: remark #1527-D: (ULP 2.1) Detected SW delay loop using empty loop. Recommend using a timer module instead
"C:/Users/cgraf/Documents/School/Fall_2023/IoT/MSP432/inc/I2CB1.c", line 166: remark #1527-D: (ULP 2.1) Detected SW delay loop using empty loop. Recommend using a timer module instead
"C:/Users/cgraf/Documents/School/Fall_2023/IoT/MSP432/inc/I2CB1.c", line 171: remark #1527-D: (ULP 2.1) Detected SW delay loop using empty loop. Recommend using a timer module instead
"C:/Users/cgraf/Documents/School/Fall_2023/IoT/MSP432/inc/I2CB1.c", line 176: remark #1527-D: (ULP 2.1) Detected SW delay loop using empty loop. Recommend using a timer module instead
"C:/Users/cgraf/Documents/School/Fall_2023/IoT/MSP432/inc/I2CB1.c", line 178: remark #1527-D: (ULP 2.1) Detected SW delay loop using empty loop. Recommend using a timer module instead
"C:/Users/cgraf/Documents/School/Fall_2023/IoT/MSP432/inc/I2CB1.c", line 180: remark #1527-D: (ULP 2.1) Detected SW delay loop using empty loop. Recommend using a timer module instead
"C:/Users/cgraf/Documents/School/Fall_2023/IoT/MSP432/inc/I2CB1.c", line 182: remark #1527-D: (ULP 2.1) Detected SW delay loop using empty loop. Recommend using a timer module instead
"C:/Users/cgraf/Documents/School/Fall_2023/IoT/MSP432/inc/I2CB1.c", line 184: remark #1527-D: (ULP 2.1) Detected SW delay loop using empty loop. Recommend using a timer module instead
"C:/Users/cgraf/Documents/School/Fall_2023/IoT/MSP432/inc/I2CB1.c", line 191: remark #1527-D: (ULP 2.1) Detected SW delay loop using empty loop. Recommend using a timer module instead
"C:/Users/cgraf/Documents/School/Fall_2023/IoT/MSP432/inc/I2CB1.c", line 200: remark #1527-D: (ULP 2.1) Detected SW delay loop using empty loop. Recommend using a timer module instead
"C:/Users/cgraf/Documents/School/Fall_2023/IoT/MSP432/inc/I2CB1.c", line 203: remark #2624-D: (ULP 5.4) Detected an assignment to a type with size less than int. To avoid unnecessary sign extension, use int-sized types for local varaibles and convert to smaller types for static storage.
Finished building: "C:/Users/cgraf/Documents/School/Fall_2023/IoT/MSP432/inc/I2CB1.c"
 
Building file: "C:/Users/cgraf/Documents/School/Fall_2023/IoT/MSP432/inc/LaunchPad.c"
Invoking: Arm Compiler
"C:/ti/ccs1120/ccs/tools/compiler/ti-cgt-arm_20.2.5.LTS/bin/armcl" -mv7M4 --code_state=16 --float_support=FPv4SPD16 -me --include_path="C:/ti/ccs1120/ccs/tools/compiler/ti-cgt-arm_20.2.5.LTS/include" --include_path="C:/ti/ccs1120/ccs/ccs_base/arm/include" --include_path="C:/ti/ccs1120/ccs/ccs_base/arm/include/CMSIS" --advice:power=all --define=__MSP432P401R__ --define=TARGET_IS_MSP432P4XX --define=ccs -g --c99 --gcc --diag_warning=225 --diag_wrap=off --display_error_number --abi=eabi --preproc_with_compile --preproc_dependency="LaunchPad.d_raw"  "C:/Users/cgraf/Documents/School/Fall_2023/IoT/MSP432/inc/LaunchPad.c"
Finished building: "C:/Users/cgraf/Documents/School/Fall_2023/IoT/MSP432/inc/LaunchPad.c"
 
Building file: "C:/Users/cgraf/Documents/School/Fall_2023/IoT/MSP432/inc/Motor.c"
Invoking: Arm Compiler
"C:/ti/ccs1120/ccs/tools/compiler/ti-cgt-arm_20.2.5.LTS/bin/armcl" -mv7M4 --code_state=16 --float_support=FPv4SPD16 -me --include_path="C:/ti/ccs1120/ccs/tools/compiler/ti-cgt-arm_20.2.5.LTS/include" --include_path="C:/ti/ccs1120/ccs/ccs_base/arm/include" --include_path="C:/ti/ccs1120/ccs/ccs_base/arm/include/CMSIS" --advice:power=all --define=__MSP432P401R__ --define=TARGET_IS_MSP432P4XX --define=ccs -g --c99 --gcc --diag_warning=225 --diag_wrap=off --display_error_number --abi=eabi --preproc_with_compile --preproc_dependency="Motor.d_raw"  "C:/Users/cgraf/Documents/School/Fall_2023/IoT/MSP432/inc/Motor.c"
Finished building: "C:/Users/cgraf/Documents/School/Fall_2023/IoT/MSP432/inc/Motor.c"
 
Building file: "C:/Users/cgraf/Documents/School/Fall_2023/IoT/MSP432/inc/LPF.c"
Invoking: Arm Compiler
"C:/ti/ccs1120/ccs/tools/compiler/ti-cgt-arm_20.2.5.LTS/bin/armcl" -mv7M4 --code_state=16 --float_support=FPv4SPD16 -me --include_path="C:/ti/ccs1120/ccs/tools/compiler/ti-cgt-arm_20.2.5.LTS/include" --include_path="C:/ti/ccs1120/ccs/ccs_base/arm/include" --include_path="C:/ti/ccs1120/ccs/ccs_base/arm/include/CMSIS" --advice:power=all --define=__MSP432P401R__ --define=TARGET_IS_MSP432P4XX --define=ccs -g --c99 --gcc --diag_warning=225 --diag_wrap=off --display_error_number --abi=eabi --preproc_with_compile --preproc_dependency="LPF.d_raw"  "C:/Users/cgraf/Documents/School/Fall_2023/IoT/MSP432/inc/LPF.c"
Finished building: "C:/Users/cgraf/Documents/School/Fall_2023/IoT/MSP432/inc/LPF.c"
 
Building file: "C:/Users/cgraf/Documents/School/Fall_2023/IoT/MSP432/inc/AP.c"
Invoking: Arm Compiler
"C:/ti/ccs1120/ccs/tools/compiler/ti-cgt-arm_20.2.5.LTS/bin/armcl" -mv7M4 --code_state=16 --float_support=FPv4SPD16 -me --include_path="C:/ti/ccs1120/ccs/tools/compiler/ti-cgt-arm_20.2.5.LTS/include" --include_path="C:/ti/ccs1120/ccs/ccs_base/arm/include" --include_path="C:/ti/ccs1120/ccs/ccs_base/arm/include/CMSIS" --advice:power=all --define=__MSP432P401R__ --define=TARGET_IS_MSP432P4XX --define=ccs -g --c99 --gcc --diag_warning=225 --diag_wrap=off --display_error_number --abi=eabi --preproc_with_compile --preproc_dependency="AP.d_raw"  "C:/Users/cgraf/Documents/School/Fall_2023/IoT/MSP432/inc/AP.c"
"C:/Users/cgraf/Documents/School/Fall_2023/IoT/MSP432/inc/AP.c", line 397: remark #2624-D: (ULP 5.4) Detected an assignment to a type with size less than int. To avoid unnecessary sign extension, use int-sized types for local varaibles and convert to smaller types for static storage.
"C:/Users/cgraf/Documents/School/Fall_2023/IoT/MSP432/inc/AP.c", line 398: remark #2624-D: (ULP 5.4) Detected an assignment to a type with size less than int. To avoid unnecessary sign extension, use int-sized types for local varaibles and convert to smaller types for static storage.
"C:/Users/cgraf/Documents/School/Fall_2023/IoT/MSP432/inc/AP.c", line 399: remark #2624-D: (ULP 5.4) Detected an assignment to a type with size less than int. To avoid unnecessary sign extension, use int-sized types for local varaibles and convert to smaller types for static storage.
"C:/Users/cgraf/Documents/School/Fall_2023/IoT/MSP432/inc/AP.c", line 400: remark #2624-D: (ULP 5.4) Detected an assignment to a type with size less than int. To avoid unnecessary sign extension, use int-sized types for local varaibles and convert to smaller types for static storage.
"C:/Users/cgraf/Documents/School/Fall_2023/IoT/MSP432/inc/AP.c", line 402: remark #2624-D: (ULP 5.4) Detected an assignment to a type with size less than int. To avoid unnecessary sign extension, use int-sized types for local varaibles and convert to smaller types for static storage.
"C:/Users/cgraf/Documents/School/Fall_2023/IoT/MSP432/inc/AP.c", line 402: remark #2624-D: (ULP 5.4) Detected an assignment to a type with size less than int. To avoid unnecessary sign extension, use int-sized types for local varaibles and convert to smaller types for static storage.
"C:/Users/cgraf/Documents/School/Fall_2023/IoT/MSP432/inc/AP.c", line 460: remark #2624-D: (ULP 5.4) Detected an assignment to a type with size less than int. To avoid unnecessary sign extension, use int-sized types for local varaibles and convert to smaller types for static storage.
"C:/Users/cgraf/Documents/School/Fall_2023/IoT/MSP432/inc/AP.c", line 461: remark #2624-D: (ULP 5.4) Detected an assignment to a type with size less than int. To avoid unnecessary sign extension, use int-sized types for local varaibles and convert to smaller types for static storage.
"C:/Users/cgraf/Documents/School/Fall_2023/IoT/MSP432/inc/AP.c", line 463: remark #2624-D: (ULP 5.4) Detected an assignment to a type with size less than int. To avoid unnecessary sign extension, use int-sized types for local varaibles and convert to smaller types for static storage.
"C:/Users/cgraf/Documents/School/Fall_2023/IoT/MSP432/inc/AP.c", line 464: remark #2624-D: (ULP 5.4) Detected an assignment to a type with size less than int. To avoid unnecessary sign extension, use int-sized types for local varaibles and convert to smaller types for static storage.
"C:/Users/cgraf/Documents/School/Fall_2023/IoT/MSP432/inc/AP.c", line 470: remark #2624-D: (ULP 5.4) Detected an assignment to a type with size less than int. To avoid unnecessary sign extension, use int-sized types for local varaibles and convert to smaller types for static storage.
"C:/Users/cgraf/Documents/School/Fall_2023/IoT/MSP432/inc/AP.c", line 470: remark #2624-D: (ULP 5.4) Detected an assignment to a type with size less than int. To avoid unnecessary sign extension, use int-sized types for local varaibles and convert to smaller types for static storage.
"C:/Users/cgraf/Documents/School/Fall_2023/IoT/MSP432/inc/AP.c", line 633: remark #2624-D: (ULP 5.4) Detected an assignment to a type with size less than int. To avoid unnecessary sign extension, use int-sized types for local varaibles and convert to smaller types for static storage.
"C:/Users/cgraf/Documents/School/Fall_2023/IoT/MSP432/inc/AP.c", line 683: remark #2624-D: (ULP 5.4) Detected an assignment to a type with size less than int. To avoid unnecessary sign extension, use int-sized types for local varaibles and convert to smaller types for static storage.
"C:/Users/cgraf/Documents/School/Fall_2023/IoT/MSP432/inc/AP.c", line 813: remark #2624-D: (ULP 5.4) Detected an assignment to a type with size less than int. To avoid unnecessary sign extension, use int-sized types for local varaibles and convert to smaller types for static storage.
"C:/Users/cgraf/Documents/School/Fall_2023/IoT/MSP432/inc/AP.c", line 840: remark #2624-D: (ULP 5.4) Detected an assignment to a type with size less than int. To avoid unnecessary sign extension, use int-sized types for local varaibles and convert to smaller types for static storage.
"C:/Users/cgraf/Documents/School/Fall_2023/IoT/MSP432/inc/AP.c", line 861: remark #2624-D: (ULP 5.4) Detected an assignment to a type with size less than int. To avoid unnecessary sign extension, use int-sized types for local varaibles and convert to smaller types for static storage.
Finished building: "C:/Users/cgraf/Documents/School/Fall_2023/IoT/MSP432/inc/AP.c"
 
Building file: "C:/Users/cgraf/Documents/School/Fall_2023/IoT/MSP432/inc/PWM.c"
Invoking: Arm Compiler
"C:/ti/ccs1120/ccs/tools/compiler/ti-cgt-arm_20.2.5.LTS/bin/armcl" -mv7M4 --code_state=16 --float_support=FPv4SPD16 -me --include_path="C:/ti/ccs1120/ccs/tools/compiler/ti-cgt-arm_20.2.5.LTS/include" --include_path="C:/ti/ccs1120/ccs/ccs_base/arm/include" --include_path="C:/ti/ccs1120/ccs/ccs_base/arm/include/CMSIS" --advice:power=all --define=__MSP432P401R__ --define=TARGET_IS_MSP432P4XX --define=ccs -g --c99 --gcc --diag_warning=225 --diag_wrap=off --display_error_number --abi=eabi --preproc_with_compile --preproc_dependency="PWM.d_raw"  "C:/Users/cgraf/Documents/School/Fall_2023/IoT/MSP432/inc/PWM.c"
Finished building: "C:/Users/cgraf/Documents/School/Fall_2023/IoT/MSP432/inc/PWM.c"
 
Building file: "C:/Users/cgraf/Documents/School/Fall_2023/IoT/MSP432/inc/TimerA1.c"
Invoking: Arm Compiler
"C:/ti/ccs1120/ccs/tools/compiler/ti-cgt-arm_20.2.5.LTS/bin/armcl" -mv7M4 --code_state=16 --float_support=FPv4SPD16 -me --include_path="C:/ti/ccs1120/ccs/tools/compiler/ti-cgt-arm_20.2.5.LTS/include" --include_path="C:/ti/ccs1120/ccs/ccs_base/arm/include" --include_path="C:/ti/ccs1120/ccs/ccs_base/arm/include/CMSIS" --advice:power=all --define=__MSP432P401R__ --define=TARGET_IS_MSP432P4XX --define=ccs -g --c99 --gcc --diag_warning=225 --diag_wrap=off --display_error_number --abi=eabi --preproc_with_compile --preproc_dependency="TimerA1.d_raw"  "C:/Users/cgraf/Documents/School/Fall_2023/IoT/MSP432/inc/TimerA1.c"
Finished building: "C:/Users/cgraf/Documents/School/Fall_2023/IoT/MSP432/inc/TimerA1.c"
 
Building file: "../RSLK_BLEmain.c"
Invoking: Arm Compiler
"C:/ti/ccs1120/ccs/tools/compiler/ti-cgt-arm_20.2.5.LTS/bin/armcl" -mv7M4 --code_state=16 --float_support=FPv4SPD16 -me --include_path="C:/ti/ccs1120/ccs/tools/compiler/ti-cgt-arm_20.2.5.LTS/include" --include_path="C:/ti/ccs1120/ccs/ccs_base/arm/include" --include_path="C:/ti/ccs1120/ccs/ccs_base/arm/include/CMSIS" --advice:power=all --define=__MSP432P401R__ --define=TARGET_IS_MSP432P4XX --define=ccs -g --c99 --gcc --diag_warning=225 --diag_wrap=off --display_error_number --abi=eabi --preproc_with_compile --preproc_dependency="RSLK_BLEmain.d_raw"  "../RSLK_BLEmain.c"
"../RSLK_BLEmain.c", line 197: remark #2624-D: (ULP 5.4) Detected an assignment to a type with size less than int. To avoid unnecessary sign extension, use int-sized types for local varaibles and convert to smaller types for static storage.
"../RSLK_BLEmain.c", line 432: remark #2624-D: (ULP 5.4) Detected an assignment to a type with size less than int. To avoid unnecessary sign extension, use int-sized types for local varaibles and convert to smaller types for static storage.
Finished building: "../RSLK_BLEmain.c"
 
Building file: "../startup_msp432p401r_ccs.c"
Invoking: Arm Compiler
"C:/ti/ccs1120/ccs/tools/compiler/ti-cgt-arm_20.2.5.LTS/bin/armcl" -mv7M4 --code_state=16 --float_support=FPv4SPD16 -me --include_path="C:/ti/ccs1120/ccs/tools/compiler/ti-cgt-arm_20.2.5.LTS/include" --include_path="C:/ti/ccs1120/ccs/ccs_base/arm/include" --include_path="C:/ti/ccs1120/ccs/ccs_base/arm/include/CMSIS" --advice:power=all --define=__MSP432P401R__ --define=TARGET_IS_MSP432P4XX --define=ccs -g --c99 --gcc --diag_warning=225 --diag_wrap=off --display_error_number --abi=eabi --preproc_with_compile --preproc_dependency="startup_msp432p401r_ccs.d_raw"  "../startup_msp432p401r_ccs.c"
Finished building: "../startup_msp432p401r_ccs.c"
 
Building file: "C:/Users/cgraf/Documents/School/Fall_2023/IoT/MSP432/inc/blinker.c"
Invoking: Arm Compiler
"C:/ti/ccs1120/ccs/tools/compiler/ti-cgt-arm_20.2.5.LTS/bin/armcl" -mv7M4 --code_state=16 --float_support=FPv4SPD16 -me --include_path="C:/ti/ccs1120/ccs/tools/compiler/ti-cgt-arm_20.2.5.LTS/include" --include_path="C:/ti/ccs1120/ccs/ccs_base/arm/include" --include_path="C:/ti/ccs1120/ccs/ccs_base/arm/include/CMSIS" --advice:power=all --define=__MSP432P401R__ --define=TARGET_IS_MSP432P4XX --define=ccs -g --c99 --gcc --diag_warning=225 --diag_wrap=off --display_error_number --abi=eabi --preproc_with_compile --preproc_dependency="blinker.d_raw"  "C:/Users/cgraf/Documents/School/Fall_2023/IoT/MSP432/inc/blinker.c"
Finished building: "C:/Users/cgraf/Documents/School/Fall_2023/IoT/MSP432/inc/blinker.c"
 
Building file: "C:/Users/cgraf/Documents/School/Fall_2023/IoT/MSP432/inc/UART0.c"
Invoking: Arm Compiler
"C:/ti/ccs1120/ccs/tools/compiler/ti-cgt-arm_20.2.5.LTS/bin/armcl" -mv7M4 --code_state=16 --float_support=FPv4SPD16 -me --include_path="C:/ti/ccs1120/ccs/tools/compiler/ti-cgt-arm_20.2.5.LTS/include" --include_path="C:/ti/ccs1120/ccs/ccs_base/arm/include" --include_path="C:/ti/ccs1120/ccs/ccs_base/arm/include/CMSIS" --advice:power=all --define=__MSP432P401R__ --define=TARGET_IS_MSP432P4XX --define=ccs -g --c99 --gcc --diag_warning=225 --diag_wrap=off --display_error_number --abi=eabi --preproc_with_compile --preproc_dependency="UART0.d_raw"  "C:/Users/cgraf/Documents/School/Fall_2023/IoT/MSP432/inc/UART0.c"
"C:/Users/cgraf/Documents/School/Fall_2023/IoT/MSP432/inc/UART0.c", line 89: remark #1527-D: (ULP 2.1) Detected SW delay loop using empty loop. Recommend using a timer module instead
"C:/Users/cgraf/Documents/School/Fall_2023/IoT/MSP432/inc/UART0.c", line 100: remark #1527-D: (ULP 2.1) Detected SW delay loop using empty loop. Recommend using a timer module instead
Finished building: "C:/Users/cgraf/Documents/School/Fall_2023/IoT/MSP432/inc/UART0.c"
 
Building file: "C:/Users/cgraf/Documents/School/Fall_2023/IoT/MSP432/inc/UART1.c"
Invoking: Arm Compiler
"C:/ti/ccs1120/ccs/tools/compiler/ti-cgt-arm_20.2.5.LTS/bin/armcl" -mv7M4 --code_state=16 --float_support=FPv4SPD16 -me --include_path="C:/ti/ccs1120/ccs/tools/compiler/ti-cgt-arm_20.2.5.LTS/include" --include_path="C:/ti/ccs1120/ccs/ccs_base/arm/include" --include_path="C:/ti/ccs1120/ccs/ccs_base/arm/include/CMSIS" --advice:power=all --define=__MSP432P401R__ --define=TARGET_IS_MSP432P4XX --define=ccs -g --c99 --gcc --diag_warning=225 --diag_wrap=off --display_error_number --abi=eabi --preproc_with_compile --preproc_dependency="UART1.d_raw"  "C:/Users/cgraf/Documents/School/Fall_2023/IoT/MSP432/inc/UART1.c"
"C:/Users/cgraf/Documents/School/Fall_2023/IoT/MSP432/inc/UART1.c", line 166: remark #2624-D: (ULP 5.4) Detected an assignment to a type with size less than int. To avoid unnecessary sign extension, use int-sized types for local varaibles and convert to smaller types for static storage.
"C:/Users/cgraf/Documents/School/Fall_2023/IoT/MSP432/inc/UART1.c", line 177: remark #1527-D: (ULP 2.1) Detected SW delay loop using empty loop. Recommend using a timer module instead
"C:/Users/cgraf/Documents/School/Fall_2023/IoT/MSP432/inc/UART1.c", line 177: remark #2624-D: (ULP 5.4) Detected an assignment to a type with size less than int. To avoid unnecessary sign extension, use int-sized types for local varaibles and convert to smaller types for static storage.
"C:/Users/cgraf/Documents/School/Fall_2023/IoT/MSP432/inc/UART1.c", line 188: remark #1527-D: (ULP 2.1) Detected SW delay loop using empty loop. Recommend using a timer module instead
"C:/Users/cgraf/Documents/School/Fall_2023/IoT/MSP432/inc/UART1.c", line 219: remark #1527-D: (ULP 2.1) Detected SW delay loop using empty loop. Recommend using a timer module instead
Finished building: "C:/Users/cgraf/Documents/School/Fall_2023/IoT/MSP432/inc/UART1.c"
 
Building file: "C:/Users/cgraf/Documents/School/Fall_2023/IoT/MSP432/inc/opt3101.c"
Invoking: Arm Compiler
"C:/ti/ccs1120/ccs/tools/compiler/ti-cgt-arm_20.2.5.LTS/bin/armcl" -mv7M4 --code_state=16 --float_support=FPv4SPD16 -me --include_path="C:/ti/ccs1120/ccs/tools/compiler/ti-cgt-arm_20.2.5.LTS/include" --include_path="C:/ti/ccs1120/ccs/ccs_base/arm/include" --include_path="C:/ti/ccs1120/ccs/ccs_base/arm/include/CMSIS" --advice:power=all --define=__MSP432P401R__ --define=TARGET_IS_MSP432P4XX --define=ccs -g --c99 --gcc --diag_warning=225 --diag_wrap=off --display_error_number --abi=eabi --preproc_with_compile --preproc_dependency="opt3101.d_raw"  "C:/Users/cgraf/Documents/School/Fall_2023/IoT/MSP432/inc/opt3101.c"
"C:/Users/cgraf/Documents/School/Fall_2023/IoT/MSP432/inc/opt3101.c", line 39: remark #2624-D: (ULP 5.4) Detected an assignment to a type with size less than int. To avoid unnecessary sign extension, use int-sized types for local varaibles and convert to smaller types for static storage.
Finished building: "C:/Users/cgraf/Documents/School/Fall_2023/IoT/MSP432/inc/opt3101.c"
 
Building file: "../system_msp432p401r.c"
Invoking: Arm Compiler
"C:/ti/ccs1120/ccs/tools/compiler/ti-cgt-arm_20.2.5.LTS/bin/armcl" -mv7M4 --code_state=16 --float_support=FPv4SPD16 -me --include_path="C:/ti/ccs1120/ccs/tools/compiler/ti-cgt-arm_20.2.5.LTS/include" --include_path="C:/ti/ccs1120/ccs/ccs_base/arm/include" --include_path="C:/ti/ccs1120/ccs/ccs_base/arm/include/CMSIS" --advice:power=all --define=__MSP432P401R__ --define=TARGET_IS_MSP432P4XX --define=ccs -g --c99 --gcc --diag_warning=225 --diag_wrap=off --display_error_number --abi=eabi --preproc_with_compile --preproc_dependency="system_msp432p401r.d_raw"  "../system_msp432p401r.c"
"../system_msp432p401r.c", line 112: remark #2624-D: (ULP 5.4) Detected an assignment to a type with size less than int. To avoid unnecessary sign extension, use int-sized types for local varaibles and convert to smaller types for static storage.
"../system_msp432p401r.c", line 160: remark #2624-D: (ULP 5.4) Detected an assignment to a type with size less than int. To avoid unnecessary sign extension, use int-sized types for local varaibles and convert to smaller types for static storage.
"../system_msp432p401r.c", line 193: remark #2624-D: (ULP 5.4) Detected an assignment to a type with size less than int. To avoid unnecessary sign extension, use int-sized types for local varaibles and convert to smaller types for static storage.
Finished building: "../system_msp432p401r.c"
 
Building file: "C:/Users/cgraf/Documents/School/Fall_2023/IoT/MSP432/inc/SSD1306.c"
Invoking: Arm Compiler
"C:/ti/ccs1120/ccs/tools/compiler/ti-cgt-arm_20.2.5.LTS/bin/armcl" -mv7M4 --code_state=16 --float_support=FPv4SPD16 -me --include_path="C:/ti/ccs1120/ccs/tools/compiler/ti-cgt-arm_20.2.5.LTS/include" --include_path="C:/ti/ccs1120/ccs/ccs_base/arm/include" --include_path="C:/ti/ccs1120/ccs/ccs_base/arm/include/CMSIS" --advice:power=all --define=__MSP432P401R__ --define=TARGET_IS_MSP432P4XX --define=ccs -g --c99 --gcc --diag_warning=225 --diag_wrap=off --display_error_number --abi=eabi --preproc_with_compile --preproc_dependency="SSD1306.d_raw"  "C:/Users/cgraf/Documents/School/Fall_2023/IoT/MSP432/inc/SSD1306.c"
"C:/Users/cgraf/Documents/School/Fall_2023/IoT/MSP432/inc/SSD1306.c", line 263: remark #1527-D: (ULP 2.1) Detected SW delay loop using empty loop. Recommend using a timer module instead
"C:/Users/cgraf/Documents/School/Fall_2023/IoT/MSP432/inc/SSD1306.c", line 266: remark #1527-D: (ULP 2.1) Detected SW delay loop using empty loop. Recommend using a timer module instead
"C:/Users/cgraf/Documents/School/Fall_2023/IoT/MSP432/inc/SSD1306.c", line 289: remark #1527-D: (ULP 2.1) Detected SW delay loop using empty loop. Recommend using a timer module instead
"C:/Users/cgraf/Documents/School/Fall_2023/IoT/MSP432/inc/SSD1306.c", line 408: remark #1527-D: (ULP 2.1) Detected SW delay loop using empty loop. Recommend using a timer module instead
"C:/Users/cgraf/Documents/School/Fall_2023/IoT/MSP432/inc/SSD1306.c", line 447: remark #2624-D: (ULP 5.4) Detected an assignment to a type with size less than int. To avoid unnecessary sign extension, use int-sized types for local varaibles and convert to smaller types for static storage.
"C:/Users/cgraf/Documents/School/Fall_2023/IoT/MSP432/inc/SSD1306.c", line 447: remark #2624-D: (ULP 5.4) Detected an assignment to a type with size less than int. To avoid unnecessary sign extension, use int-sized types for local varaibles and convert to smaller types for static storage.
"C:/Users/cgraf/Documents/School/Fall_2023/IoT/MSP432/inc/SSD1306.c", line 447: remark #2624-D: (ULP 5.4) Detected an assignment to a type with size less than int. To avoid unnecessary sign extension, use int-sized types for local varaibles and convert to smaller types for static storage.
"C:/Users/cgraf/Documents/School/Fall_2023/IoT/MSP432/inc/SSD1306.c", line 448: remark #2624-D: (ULP 5.4) Detected an assignment to a type with size less than int. To avoid unnecessary sign extension, use int-sized types for local varaibles and convert to smaller types for static storage.
"C:/Users/cgraf/Documents/School/Fall_2023/IoT/MSP432/inc/SSD1306.c", line 451: remark #2624-D: (ULP 5.4) Detected an assignment to a type with size less than int. To avoid unnecessary sign extension, use int-sized types for local varaibles and convert to smaller types for static storage.
"C:/Users/cgraf/Documents/School/Fall_2023/IoT/MSP432/inc/SSD1306.c", line 452: remark #2624-D: (ULP 5.4) Detected an assignment to a type with size less than int. To avoid unnecessary sign extension, use int-sized types for local varaibles and convert to smaller types for static storage.
"C:/Users/cgraf/Documents/School/Fall_2023/IoT/MSP432/inc/SSD1306.c", line 455: remark #2624-D: (ULP 5.4) Detected an assignment to a type with size less than int. To avoid unnecessary sign extension, use int-sized types for local varaibles and convert to smaller types for static storage.
"C:/Users/cgraf/Documents/School/Fall_2023/IoT/MSP432/inc/SSD1306.c", line 455: remark #2624-D: (ULP 5.4) Detected an assignment to a type with size less than int. To avoid unnecessary sign extension, use int-sized types for local varaibles and convert to smaller types for static storage.
"C:/Users/cgraf/Documents/School/Fall_2023/IoT/MSP432/inc/SSD1306.c", line 455: remark #2624-D: (ULP 5.4) Detected an assignment to a type with size less than int. To avoid unnecessary sign extension, use int-sized types for local varaibles and convert to smaller types for static storage.
"C:/Users/cgraf/Documents/School/Fall_2023/IoT/MSP432/inc/SSD1306.c", line 456: remark #2624-D: (ULP 5.4) Detected an assignment to a type with size less than int. To avoid unnecessary sign extension, use int-sized types for local varaibles and convert to smaller types for static storage.
"C:/Users/cgraf/Documents/School/Fall_2023/IoT/MSP432/inc/SSD1306.c", line 475: remark #2624-D: (ULP 5.4) Detected an assignment to a type with size less than int. To avoid unnecessary sign extension, use int-sized types for local varaibles and convert to smaller types for static storage.
"C:/Users/cgraf/Documents/School/Fall_2023/IoT/MSP432/inc/SSD1306.c", line 475: remark #2624-D: (ULP 5.4) Detected an assignment to a type with size less than int. To avoid unnecessary sign extension, use int-sized types for local varaibles and convert to smaller types for static storage.
"C:/Users/cgraf/Documents/School/Fall_2023/IoT/MSP432/inc/SSD1306.c", line 475: remark #2624-D: (ULP 5.4) Detected an assignment to a type with size less than int. To avoid unnecessary sign extension, use int-sized types for local varaibles and convert to smaller types for static storage.
"C:/Users/cgraf/Documents/School/Fall_2023/IoT/MSP432/inc/SSD1306.c", line 475: remark #2624-D: (ULP 5.4) Detected an assignment to a type with size less than int. To avoid unnecessary sign extension, use int-sized types for local varaibles and convert to smaller types for static storage.
"C:/Users/cgraf/Documents/School/Fall_2023/IoT/MSP432/inc/SSD1306.c", line 486: remark #2624-D: (ULP 5.4) Detected an assignment to a type with size less than int. To avoid unnecessary sign extension, use int-sized types for local varaibles and convert to smaller types for static storage.
"C:/Users/cgraf/Documents/School/Fall_2023/IoT/MSP432/inc/SSD1306.c", line 499: remark #1543-D: (ULP 12.2) Detected for loop with repetitive data transfer. Recommend using DMA
"C:/Users/cgraf/Documents/School/Fall_2023/IoT/MSP432/inc/SSD1306.c", line 593: remark #2624-D: (ULP 5.4) Detected an assignment to a type with size less than int. To avoid unnecessary sign extension, use int-sized types for local varaibles and convert to smaller types for static storage.
"C:/Users/cgraf/Documents/School/Fall_2023/IoT/MSP432/inc/SSD1306.c", line 594: remark #2624-D: (ULP 5.4) Detected an assignment to a type with size less than int. To avoid unnecessary sign extension, use int-sized types for local varaibles and convert to smaller types for static storage.
"C:/Users/cgraf/Documents/School/Fall_2023/IoT/MSP432/inc/SSD1306.c", line 595: remark #2624-D: (ULP 5.4) Detected an assignment to a type with size less than int. To avoid unnecessary sign extension, use int-sized types for local varaibles and convert to smaller types for static storage.
"C:/Users/cgraf/Documents/School/Fall_2023/IoT/MSP432/inc/SSD1306.c", line 596: remark #2624-D: (ULP 5.4) Detected an assignment to a type with size less than int. To avoid unnecessary sign extension, use int-sized types for local varaibles and convert to smaller types for static storage.
"C:/Users/cgraf/Documents/School/Fall_2023/IoT/MSP432/inc/SSD1306.c", line 605: remark #2624-D: (ULP 5.4) Detected an assignment to a type with size less than int. To avoid unnecessary sign extension, use int-sized types for local varaibles and convert to smaller types for static storage.
"C:/Users/cgraf/Documents/School/Fall_2023/IoT/MSP432/inc/SSD1306.c", line 612: remark #2624-D: (ULP 5.4) Detected an assignment to a type with size less than int. To avoid unnecessary sign extension, use int-sized types for local varaibles and convert to smaller types for static storage.
"C:/Users/cgraf/Documents/School/Fall_2023/IoT/MSP432/inc/SSD1306.c", line 616: remark #2624-D: (ULP 5.4) Detected an assignment to a type with size less than int. To avoid unnecessary sign extension, use int-sized types for local varaibles and convert to smaller types for static storage.
"C:/Users/cgraf/Documents/School/Fall_2023/IoT/MSP432/inc/SSD1306.c", line 619: remark #2624-D: (ULP 5.4) Detected an assignment to a type with size less than int. To avoid unnecessary sign extension, use int-sized types for local varaibles and convert to smaller types for static storage.
"C:/Users/cgraf/Documents/School/Fall_2023/IoT/MSP432/inc/SSD1306.c", line 621: remark #2624-D: (ULP 5.4) Detected an assignment to a type with size less than int. To avoid unnecessary sign extension, use int-sized types for local varaibles and convert to smaller types for static storage.
"C:/Users/cgraf/Documents/School/Fall_2023/IoT/MSP432/inc/SSD1306.c", line 655: remark #2624-D: (ULP 5.4) Detected an assignment to a type with size less than int. To avoid unnecessary sign extension, use int-sized types for local varaibles and convert to smaller types for static storage.
"C:/Users/cgraf/Documents/School/Fall_2023/IoT/MSP432/inc/SSD1306.c", line 655: remark #2624-D: (ULP 5.4) Detected an assignment to a type with size less than int. To avoid unnecessary sign extension, use int-sized types for local varaibles and convert to smaller types for static storage.
"C:/Users/cgraf/Documents/School/Fall_2023/IoT/MSP432/inc/SSD1306.c", line 655: remark #2624-D: (ULP 5.4) Detected an assignment to a type with size less than int. To avoid unnecessary sign extension, use int-sized types for local varaibles and convert to smaller types for static storage.
"C:/Users/cgraf/Documents/School/Fall_2023/IoT/MSP432/inc/SSD1306.c", line 656: remark #2624-D: (ULP 5.4) Detected an assignment to a type with size less than int. To avoid unnecessary sign extension, use int-sized types for local varaibles and convert to smaller types for static storage.
"C:/Users/cgraf/Documents/School/Fall_2023/IoT/MSP432/inc/SSD1306.c", line 660: remark #2624-D: (ULP 5.4) Detected an assignment to a type with size less than int. To avoid unnecessary sign extension, use int-sized types for local varaibles and convert to smaller types for static storage.
"C:/Users/cgraf/Documents/School/Fall_2023/IoT/MSP432/inc/SSD1306.c", line 661: remark #2624-D: (ULP 5.4) Detected an assignment to a type with size less than int. To avoid unnecessary sign extension, use int-sized types for local varaibles and convert to smaller types for static storage.
"C:/Users/cgraf/Documents/School/Fall_2023/IoT/MSP432/inc/SSD1306.c", line 662: remark #2624-D: (ULP 5.4) Detected an assignment to a type with size less than int. To avoid unnecessary sign extension, use int-sized types for local varaibles and convert to smaller types for static storage.
"C:/Users/cgraf/Documents/School/Fall_2023/IoT/MSP432/inc/SSD1306.c", line 668: remark #2624-D: (ULP 5.4) Detected an assignment to a type with size less than int. To avoid unnecessary sign extension, use int-sized types for local varaibles and convert to smaller types for static storage.
"C:/Users/cgraf/Documents/School/Fall_2023/IoT/MSP432/inc/SSD1306.c", line 668: remark #2624-D: (ULP 5.4) Detected an assignment to a type with size less than int. To avoid unnecessary sign extension, use int-sized types for local varaibles and convert to smaller types for static storage.
"C:/Users/cgraf/Documents/School/Fall_2023/IoT/MSP432/inc/SSD1306.c", line 668: remark #2624-D: (ULP 5.4) Detected an assignment to a type with size less than int. To avoid unnecessary sign extension, use int-sized types for local varaibles and convert to smaller types for static storage.
"C:/Users/cgraf/Documents/School/Fall_2023/IoT/MSP432/inc/SSD1306.c", line 669: remark #2624-D: (ULP 5.4) Detected an assignment to a type with size less than int. To avoid unnecessary sign extension, use int-sized types for local varaibles and convert to smaller types for static storage.
"C:/Users/cgraf/Documents/School/Fall_2023/IoT/MSP432/inc/SSD1306.c", line 670: remark #2624-D: (ULP 5.4) Detected an assignment to a type with size less than int. To avoid unnecessary sign extension, use int-sized types for local varaibles and convert to smaller types for static storage.
"C:/Users/cgraf/Documents/School/Fall_2023/IoT/MSP432/inc/SSD1306.c", line 683: remark #2624-D: (ULP 5.4) Detected an assignment to a type with size less than int. To avoid unnecessary sign extension, use int-sized types for local varaibles and convert to smaller types for static storage.
"C:/Users/cgraf/Documents/School/Fall_2023/IoT/MSP432/inc/SSD1306.c", line 687: remark #2624-D: (ULP 5.4) Detected an assignment to a type with size less than int. To avoid unnecessary sign extension, use int-sized types for local varaibles and convert to smaller types for static storage.
"C:/Users/cgraf/Documents/School/Fall_2023/IoT/MSP432/inc/SSD1306.c", line 693: remark #2624-D: (ULP 5.4) Detected an assignment to a type with size less than int. To avoid unnecessary sign extension, use int-sized types for local varaibles and convert to smaller types for static storage.
"C:/Users/cgraf/Documents/School/Fall_2023/IoT/MSP432/inc/SSD1306.c", line 694: remark #2624-D: (ULP 5.4) Detected an assignment to a type with size less than int. To avoid unnecessary sign extension, use int-sized types for local varaibles and convert to smaller types for static storage.
"C:/Users/cgraf/Documents/School/Fall_2023/IoT/MSP432/inc/SSD1306.c", line 694: remark #2624-D: (ULP 5.4) Detected an assignment to a type with size less than int. To avoid unnecessary sign extension, use int-sized types for local varaibles and convert to smaller types for static storage.
"C:/Users/cgraf/Documents/School/Fall_2023/IoT/MSP432/inc/SSD1306.c", line 695: remark #2624-D: (ULP 5.4) Detected an assignment to a type with size less than int. To avoid unnecessary sign extension, use int-sized types for local varaibles and convert to smaller types for static storage.
"C:/Users/cgraf/Documents/School/Fall_2023/IoT/MSP432/inc/SSD1306.c", line 683: remark #2624-D: (ULP 5.4) Detected an assignment to a type with size less than int. To avoid unnecessary sign extension, use int-sized types for local varaibles and convert to smaller types for static storage.
"C:/Users/cgraf/Documents/School/Fall_2023/IoT/MSP432/inc/SSD1306.c", line 687: remark #2624-D: (ULP 5.4) Detected an assignment to a type with size less than int. To avoid unnecessary sign extension, use int-sized types for local varaibles and convert to smaller types for static storage.
"C:/Users/cgraf/Documents/School/Fall_2023/IoT/MSP432/inc/SSD1306.c", line 693: remark #2624-D: (ULP 5.4) Detected an assignment to a type with size less than int. To avoid unnecessary sign extension, use int-sized types for local varaibles and convert to smaller types for static storage.
"C:/Users/cgraf/Documents/School/Fall_2023/IoT/MSP432/inc/SSD1306.c", line 694: remark #2624-D: (ULP 5.4) Detected an assignment to a type with size less than int. To avoid unnecessary sign extension, use int-sized types for local varaibles and convert to smaller types for static storage.
"C:/Users/cgraf/Documents/School/Fall_2023/IoT/MSP432/inc/SSD1306.c", line 694: remark #2624-D: (ULP 5.4) Detected an assignment to a type with size less than int. To avoid unnecessary sign extension, use int-sized types for local varaibles and convert to smaller types for static storage.
"C:/Users/cgraf/Documents/School/Fall_2023/IoT/MSP432/inc/SSD1306.c", line 695: remark #2624-D: (ULP 5.4) Detected an assignment to a type with size less than int. To avoid unnecessary sign extension, use int-sized types for local varaibles and convert to smaller types for static storage.
"C:/Users/cgraf/Documents/School/Fall_2023/IoT/MSP432/inc/SSD1306.c", line 683: remark #2624-D: (ULP 5.4) Detected an assignment to a type with size less than int. To avoid unnecessary sign extension, use int-sized types for local varaibles and convert to smaller types for static storage.
"C:/Users/cgraf/Documents/School/Fall_2023/IoT/MSP432/inc/SSD1306.c", line 687: remark #2624-D: (ULP 5.4) Detected an assignment to a type with size less than int. To avoid unnecessary sign extension, use int-sized types for local varaibles and convert to smaller types for static storage.
"C:/Users/cgraf/Documents/School/Fall_2023/IoT/MSP432/inc/SSD1306.c", line 693: remark #2624-D: (ULP 5.4) Detected an assignment to a type with size less than int. To avoid unnecessary sign extension, use int-sized types for local varaibles and convert to smaller types for static storage.
"C:/Users/cgraf/Documents/School/Fall_2023/IoT/MSP432/inc/SSD1306.c", line 694: remark #2624-D: (ULP 5.4) Detected an assignment to a type with size less than int. To avoid unnecessary sign extension, use int-sized types for local varaibles and convert to smaller types for static storage.
"C:/Users/cgraf/Documents/School/Fall_2023/IoT/MSP432/inc/SSD1306.c", line 694: remark #2624-D: (ULP 5.4) Detected an assignment to a type with size less than int. To avoid unnecessary sign extension, use int-sized types for local varaibles and convert to smaller types for static storage.
"C:/Users/cgraf/Documents/School/Fall_2023/IoT/MSP432/inc/SSD1306.c", line 695: remark #2624-D: (ULP 5.4) Detected an assignment to a type with size less than int. To avoid unnecessary sign extension, use int-sized types for local varaibles and convert to smaller types for static storage.
"C:/Users/cgraf/Documents/School/Fall_2023/IoT/MSP432/inc/SSD1306.c", line 693: remark #2624-D: (ULP 5.4) Detected an assignment to a type with size less than int. To avoid unnecessary sign extension, use int-sized types for local varaibles and convert to smaller types for static storage.
"C:/Users/cgraf/Documents/School/Fall_2023/IoT/MSP432/inc/SSD1306.c", line 694: remark #2624-D: (ULP 5.4) Detected an assignment to a type with size less than int. To avoid unnecessary sign extension, use int-sized types for local varaibles and convert to smaller types for static storage.
"C:/Users/cgraf/Documents/School/Fall_2023/IoT/MSP432/inc/SSD1306.c", line 694: remark #2624-D: (ULP 5.4) Detected an assignment to a type with size less than int. To avoid unnecessary sign extension, use int-sized types for local varaibles and convert to smaller types for static storage.
"C:/Users/cgraf/Documents/School/Fall_2023/IoT/MSP432/inc/SSD1306.c", line 695: remark #2624-D: (ULP 5.4) Detected an assignment to a type with size less than int. To avoid unnecessary sign extension, use int-sized types for local varaibles and convert to smaller types for static storage.
"C:/Users/cgraf/Documents/School/Fall_2023/IoT/MSP432/inc/SSD1306.c", line 693: remark #2624-D: (ULP 5.4) Detected an assignment to a type with size less than int. To avoid unnecessary sign extension, use int-sized types for local varaibles and convert to smaller types for static storage.
"C:/Users/cgraf/Documents/School/Fall_2023/IoT/MSP432/inc/SSD1306.c", line 694: remark #2624-D: (ULP 5.4) Detected an assignment to a type with size less than int. To avoid unnecessary sign extension, use int-sized types for local varaibles and convert to smaller types for static storage.
"C:/Users/cgraf/Documents/School/Fall_2023/IoT/MSP432/inc/SSD1306.c", line 694: remark #2624-D: (ULP 5.4) Detected an assignment to a type with size less than int. To avoid unnecessary sign extension, use int-sized types for local varaibles and convert to smaller types for static storage.
"C:/Users/cgraf/Documents/School/Fall_2023/IoT/MSP432/inc/SSD1306.c", line 695: remark #2624-D: (ULP 5.4) Detected an assignment to a type with size less than int. To avoid unnecessary sign extension, use int-sized types for local varaibles and convert to smaller types for static storage.
"C:/Users/cgraf/Documents/School/Fall_2023/IoT/MSP432/inc/SSD1306.c", line 725: remark #2624-D: (ULP 5.4) Detected an assignment to a type with size less than int. To avoid unnecessary sign extension, use int-sized types for local varaibles and convert to smaller types for static storage.
"C:/Users/cgraf/Documents/School/Fall_2023/IoT/MSP432/inc/SSD1306.c", line 725: remark #2624-D: (ULP 5.4) Detected an assignment to a type with size less than int. To avoid unnecessary sign extension, use int-sized types for local varaibles and convert to smaller types for static storage.
"C:/Users/cgraf/Documents/School/Fall_2023/IoT/MSP432/inc/SSD1306.c", line 725: remark #2624-D: (ULP 5.4) Detected an assignment to a type with size less than int. To avoid unnecessary sign extension, use int-sized types for local varaibles and convert to smaller types for static storage.
"C:/Users/cgraf/Documents/School/Fall_2023/IoT/MSP432/inc/SSD1306.c", line 726: remark #2624-D: (ULP 5.4) Detected an assignment to a type with size less than int. To avoid unnecessary sign extension, use int-sized types for local varaibles and convert to smaller types for static storage.
"C:/Users/cgraf/Documents/School/Fall_2023/IoT/MSP432/inc/SSD1306.c", line 727: remark #2624-D: (ULP 5.4) Detected an assignment to a type with size less than int. To avoid unnecessary sign extension, use int-sized types for local varaibles and convert to smaller types for static storage.
"C:/Users/cgraf/Documents/School/Fall_2023/IoT/MSP432/inc/SSD1306.c", line 731: remark #2624-D: (ULP 5.4) Detected an assignment to a type with size less than int. To avoid unnecessary sign extension, use int-sized types for local varaibles and convert to smaller types for static storage.
"C:/Users/cgraf/Documents/School/Fall_2023/IoT/MSP432/inc/SSD1306.c", line 732: remark #2624-D: (ULP 5.4) Detected an assignment to a type with size less than int. To avoid unnecessary sign extension, use int-sized types for local varaibles and convert to smaller types for static storage.
"C:/Users/cgraf/Documents/School/Fall_2023/IoT/MSP432/inc/SSD1306.c", line 733: remark #2624-D: (ULP 5.4) Detected an assignment to a type with size less than int. To avoid unnecessary sign extension, use int-sized types for local varaibles and convert to smaller types for static storage.
"C:/Users/cgraf/Documents/School/Fall_2023/IoT/MSP432/inc/SSD1306.c", line 738: remark #2624-D: (ULP 5.4) Detected an assignment to a type with size less than int. To avoid unnecessary sign extension, use int-sized types for local varaibles and convert to smaller types for static storage.
"C:/Users/cgraf/Documents/School/Fall_2023/IoT/MSP432/inc/SSD1306.c", line 738: remark #2624-D: (ULP 5.4) Detected an assignment to a type with size less than int. To avoid unnecessary sign extension, use int-sized types for local varaibles and convert to smaller types for static storage.
"C:/Users/cgraf/Documents/School/Fall_2023/IoT/MSP432/inc/SSD1306.c", line 738: remark #2624-D: (ULP 5.4) Detected an assignment to a type with size less than int. To avoid unnecessary sign extension, use int-sized types for local varaibles and convert to smaller types for static storage.
"C:/Users/cgraf/Documents/School/Fall_2023/IoT/MSP432/inc/SSD1306.c", line 739: remark #2624-D: (ULP 5.4) Detected an assignment to a type with size less than int. To avoid unnecessary sign extension, use int-sized types for local varaibles and convert to smaller types for static storage.
"C:/Users/cgraf/Documents/School/Fall_2023/IoT/MSP432/inc/SSD1306.c", line 756: remark #2624-D: (ULP 5.4) Detected an assignment to a type with size less than int. To avoid unnecessary sign extension, use int-sized types for local varaibles and convert to smaller types for static storage.
"C:/Users/cgraf/Documents/School/Fall_2023/IoT/MSP432/inc/SSD1306.c", line 760: remark #2624-D: (ULP 5.4) Detected an assignment to a type with size less than int. To avoid unnecessary sign extension, use int-sized types for local varaibles and convert to smaller types for static storage.
"C:/Users/cgraf/Documents/School/Fall_2023/IoT/MSP432/inc/SSD1306.c", line 772: remark #2624-D: (ULP 5.4) Detected an assignment to a type with size less than int. To avoid unnecessary sign extension, use int-sized types for local varaibles and convert to smaller types for static storage.
"C:/Users/cgraf/Documents/School/Fall_2023/IoT/MSP432/inc/SSD1306.c", line 779: remark #2624-D: (ULP 5.4) Detected an assignment to a type with size less than int. To avoid unnecessary sign extension, use int-sized types for local varaibles and convert to smaller types for static storage.
"C:/Users/cgraf/Documents/School/Fall_2023/IoT/MSP432/inc/SSD1306.c", line 790: remark #2624-D: (ULP 5.4) Detected an assignment to a type with size less than int. To avoid unnecessary sign extension, use int-sized types for local varaibles and convert to smaller types for static storage.
"C:/Users/cgraf/Documents/School/Fall_2023/IoT/MSP432/inc/SSD1306.c", line 799: remark #2624-D: (ULP 5.4) Detected an assignment to a type with size less than int. To avoid unnecessary sign extension, use int-sized types for local varaibles and convert to smaller types for static storage.
"C:/Users/cgraf/Documents/School/Fall_2023/IoT/MSP432/inc/SSD1306.c", line 807: remark #2624-D: (ULP 5.4) Detected an assignment to a type with size less than int. To avoid unnecessary sign extension, use int-sized types for local varaibles and convert to smaller types for static storage.
"C:/Users/cgraf/Documents/School/Fall_2023/IoT/MSP432/inc/SSD1306.c", line 813: remark #2624-D: (ULP 5.4) Detected an assignment to a type with size less than int. To avoid unnecessary sign extension, use int-sized types for local varaibles and convert to smaller types for static storage.
"C:/Users/cgraf/Documents/School/Fall_2023/IoT/MSP432/inc/SSD1306.c", line 756: remark #2624-D: (ULP 5.4) Detected an assignment to a type with size less than int. To avoid unnecessary sign extension, use int-sized types for local varaibles and convert to smaller types for static storage.
"C:/Users/cgraf/Documents/School/Fall_2023/IoT/MSP432/inc/SSD1306.c", line 760: remark #2624-D: (ULP 5.4) Detected an assignment to a type with size less than int. To avoid unnecessary sign extension, use int-sized types for local varaibles and convert to smaller types for static storage.
"C:/Users/cgraf/Documents/School/Fall_2023/IoT/MSP432/inc/SSD1306.c", line 772: remark #2624-D: (ULP 5.4) Detected an assignment to a type with size less than int. To avoid unnecessary sign extension, use int-sized types for local varaibles and convert to smaller types for static storage.
"C:/Users/cgraf/Documents/School/Fall_2023/IoT/MSP432/inc/SSD1306.c", line 779: remark #2624-D: (ULP 5.4) Detected an assignment to a type with size less than int. To avoid unnecessary sign extension, use int-sized types for local varaibles and convert to smaller types for static storage.
"C:/Users/cgraf/Documents/School/Fall_2023/IoT/MSP432/inc/SSD1306.c", line 790: remark #2624-D: (ULP 5.4) Detected an assignment to a type with size less than int. To avoid unnecessary sign extension, use int-sized types for local varaibles and convert to smaller types for static storage.
"C:/Users/cgraf/Documents/School/Fall_2023/IoT/MSP432/inc/SSD1306.c", line 799: remark #2624-D: (ULP 5.4) Detected an assignment to a type with size less than int. To avoid unnecessary sign extension, use int-sized types for local varaibles and convert to smaller types for static storage.
"C:/Users/cgraf/Documents/School/Fall_2023/IoT/MSP432/inc/SSD1306.c", line 807: remark #2624-D: (ULP 5.4) Detected an assignment to a type with size less than int. To avoid unnecessary sign extension, use int-sized types for local varaibles and convert to smaller types for static storage.
"C:/Users/cgraf/Documents/School/Fall_2023/IoT/MSP432/inc/SSD1306.c", line 813: remark #2624-D: (ULP 5.4) Detected an assignment to a type with size less than int. To avoid unnecessary sign extension, use int-sized types for local varaibles and convert to smaller types for static storage.
"C:/Users/cgraf/Documents/School/Fall_2023/IoT/MSP432/inc/SSD1306.c", line 756: remark #2624-D: (ULP 5.4) Detected an assignment to a type with size less than int. To avoid unnecessary sign extension, use int-sized types for local varaibles and convert to smaller types for static storage.
"C:/Users/cgraf/Documents/School/Fall_2023/IoT/MSP432/inc/SSD1306.c", line 760: remark #2624-D: (ULP 5.4) Detected an assignment to a type with size less than int. To avoid unnecessary sign extension, use int-sized types for local varaibles and convert to smaller types for static storage.
"C:/Users/cgraf/Documents/School/Fall_2023/IoT/MSP432/inc/SSD1306.c", line 772: remark #2624-D: (ULP 5.4) Detected an assignment to a type with size less than int. To avoid unnecessary sign extension, use int-sized types for local varaibles and convert to smaller types for static storage.
"C:/Users/cgraf/Documents/School/Fall_2023/IoT/MSP432/inc/SSD1306.c", line 779: remark #2624-D: (ULP 5.4) Detected an assignment to a type with size less than int. To avoid unnecessary sign extension, use int-sized types for local varaibles and convert to smaller types for static storage.
"C:/Users/cgraf/Documents/School/Fall_2023/IoT/MSP432/inc/SSD1306.c", line 790: remark #2624-D: (ULP 5.4) Detected an assignment to a type with size less than int. To avoid unnecessary sign extension, use int-sized types for local varaibles and convert to smaller types for static storage.
"C:/Users/cgraf/Documents/School/Fall_2023/IoT/MSP432/inc/SSD1306.c", line 799: remark #2624-D: (ULP 5.4) Detected an assignment to a type with size less than int. To avoid unnecessary sign extension, use int-sized types for local varaibles and convert to smaller types for static storage.
"C:/Users/cgraf/Documents/School/Fall_2023/IoT/MSP432/inc/SSD1306.c", line 807: remark #2624-D: (ULP 5.4) Detected an assignment to a type with size less than int. To avoid unnecessary sign extension, use int-sized types for local varaibles and convert to smaller types for static storage.
"C:/Users/cgraf/Documents/School/Fall_2023/IoT/MSP432/inc/SSD1306.c", line 813: remark #2624-D: (ULP 5.4) Detected an assignment to a type with size less than int. To avoid unnecessary sign extension, use int-sized types for local varaibles and convert to smaller types for static storage.
"C:/Users/cgraf/Documents/School/Fall_2023/IoT/MSP432/inc/SSD1306.c", line 772: remark #2624-D: (ULP 5.4) Detected an assignment to a type with size less than int. To avoid unnecessary sign extension, use int-sized types for local varaibles and convert to smaller types for static storage.
"C:/Users/cgraf/Documents/School/Fall_2023/IoT/MSP432/inc/SSD1306.c", line 779: remark #2624-D: (ULP 5.4) Detected an assignment to a type with size less than int. To avoid unnecessary sign extension, use int-sized types for local varaibles and convert to smaller types for static storage.
"C:/Users/cgraf/Documents/School/Fall_2023/IoT/MSP432/inc/SSD1306.c", line 790: remark #2624-D: (ULP 5.4) Detected an assignment to a type with size less than int. To avoid unnecessary sign extension, use int-sized types for local varaibles and convert to smaller types for static storage.
"C:/Users/cgraf/Documents/School/Fall_2023/IoT/MSP432/inc/SSD1306.c", line 799: remark #2624-D: (ULP 5.4) Detected an assignment to a type with size less than int. To avoid unnecessary sign extension, use int-sized types for local varaibles and convert to smaller types for static storage.
"C:/Users/cgraf/Documents/School/Fall_2023/IoT/MSP432/inc/SSD1306.c", line 807: remark #2624-D: (ULP 5.4) Detected an assignment to a type with size less than int. To avoid unnecessary sign extension, use int-sized types for local varaibles and convert to smaller types for static storage.
"C:/Users/cgraf/Documents/School/Fall_2023/IoT/MSP432/inc/SSD1306.c", line 813: remark #2624-D: (ULP 5.4) Detected an assignment to a type with size less than int. To avoid unnecessary sign extension, use int-sized types for local varaibles and convert to smaller types for static storage.
"C:/Users/cgraf/Documents/School/Fall_2023/IoT/MSP432/inc/SSD1306.c", line 772: remark #2624-D: (ULP 5.4) Detected an assignment to a type with size less than int. To avoid unnecessary sign extension, use int-sized types for local varaibles and convert to smaller types for static storage.
"C:/Users/cgraf/Documents/School/Fall_2023/IoT/MSP432/inc/SSD1306.c", line 779: remark #2624-D: (ULP 5.4) Detected an assignment to a type with size less than int. To avoid unnecessary sign extension, use int-sized types for local varaibles and convert to smaller types for static storage.
"C:/Users/cgraf/Documents/School/Fall_2023/IoT/MSP432/inc/SSD1306.c", line 790: remark #2624-D: (ULP 5.4) Detected an assignment to a type with size less than int. To avoid unnecessary sign extension, use int-sized types for local varaibles and convert to smaller types for static storage.
"C:/Users/cgraf/Documents/School/Fall_2023/IoT/MSP432/inc/SSD1306.c", line 799: remark #2624-D: (ULP 5.4) Detected an assignment to a type with size less than int. To avoid unnecessary sign extension, use int-sized types for local varaibles and convert to smaller types for static storage.
"C:/Users/cgraf/Documents/School/Fall_2023/IoT/MSP432/inc/SSD1306.c", line 807: remark #2624-D: (ULP 5.4) Detected an assignment to a type with size less than int. To avoid unnecessary sign extension, use int-sized types for local varaibles and convert to smaller types for static storage.
"C:/Users/cgraf/Documents/School/Fall_2023/IoT/MSP432/inc/SSD1306.c", line 813: remark #2624-D: (ULP 5.4) Detected an assignment to a type with size less than int. To avoid unnecessary sign extension, use int-sized types for local varaibles and convert to smaller types for static storage.
"C:/Users/cgraf/Documents/School/Fall_2023/IoT/MSP432/inc/SSD1306.c", line 772: remark #2624-D: (ULP 5.4) Detected an assignment to a type with size less than int. To avoid unnecessary sign extension, use int-sized types for local varaibles and convert to smaller types for static storage.
"C:/Users/cgraf/Documents/School/Fall_2023/IoT/MSP432/inc/SSD1306.c", line 779: remark #2624-D: (ULP 5.4) Detected an assignment to a type with size less than int. To avoid unnecessary sign extension, use int-sized types for local varaibles and convert to smaller types for static storage.
"C:/Users/cgraf/Documents/School/Fall_2023/IoT/MSP432/inc/SSD1306.c", line 772: remark #2624-D: (ULP 5.4) Detected an assignment to a type with size less than int. To avoid unnecessary sign extension, use int-sized types for local varaibles and convert to smaller types for static storage.
"C:/Users/cgraf/Documents/School/Fall_2023/IoT/MSP432/inc/SSD1306.c", line 779: remark #2624-D: (ULP 5.4) Detected an assignment to a type with size less than int. To avoid unnecessary sign extension, use int-sized types for local varaibles and convert to smaller types for static storage.
"C:/Users/cgraf/Documents/School/Fall_2023/IoT/MSP432/inc/SSD1306.c", line 790: remark #2624-D: (ULP 5.4) Detected an assignment to a type with size less than int. To avoid unnecessary sign extension, use int-sized types for local varaibles and convert to smaller types for static storage.
"C:/Users/cgraf/Documents/School/Fall_2023/IoT/MSP432/inc/SSD1306.c", line 799: remark #2624-D: (ULP 5.4) Detected an assignment to a type with size less than int. To avoid unnecessary sign extension, use int-sized types for local varaibles and convert to smaller types for static storage.
"C:/Users/cgraf/Documents/School/Fall_2023/IoT/MSP432/inc/SSD1306.c", line 807: remark #2624-D: (ULP 5.4) Detected an assignment to a type with size less than int. To avoid unnecessary sign extension, use int-sized types for local varaibles and convert to smaller types for static storage.
"C:/Users/cgraf/Documents/School/Fall_2023/IoT/MSP432/inc/SSD1306.c", line 813: remark #2624-D: (ULP 5.4) Detected an assignment to a type with size less than int. To avoid unnecessary sign extension, use int-sized types for local varaibles and convert to smaller types for static storage.
"C:/Users/cgraf/Documents/School/Fall_2023/IoT/MSP432/inc/SSD1306.c", line 790: remark #2624-D: (ULP 5.4) Detected an assignment to a type with size less than int. To avoid unnecessary sign extension, use int-sized types for local varaibles and convert to smaller types for static storage.
"C:/Users/cgraf/Documents/School/Fall_2023/IoT/MSP432/inc/SSD1306.c", line 799: remark #2624-D: (ULP 5.4) Detected an assignment to a type with size less than int. To avoid unnecessary sign extension, use int-sized types for local varaibles and convert to smaller types for static storage.
"C:/Users/cgraf/Documents/School/Fall_2023/IoT/MSP432/inc/SSD1306.c", line 807: remark #2624-D: (ULP 5.4) Detected an assignment to a type with size less than int. To avoid unnecessary sign extension, use int-sized types for local varaibles and convert to smaller types for static storage.
"C:/Users/cgraf/Documents/School/Fall_2023/IoT/MSP432/inc/SSD1306.c", line 813: remark #2624-D: (ULP 5.4) Detected an assignment to a type with size less than int. To avoid unnecessary sign extension, use int-sized types for local varaibles and convert to smaller types for static storage.
"C:/Users/cgraf/Documents/School/Fall_2023/IoT/MSP432/inc/SSD1306.c", line 799: remark #2624-D: (ULP 5.4) Detected an assignment to a type with size less than int. To avoid unnecessary sign extension, use int-sized types for local varaibles and convert to smaller types for static storage.
"C:/Users/cgraf/Documents/School/Fall_2023/IoT/MSP432/inc/SSD1306.c", line 807: remark #2624-D: (ULP 5.4) Detected an assignment to a type with size less than int. To avoid unnecessary sign extension, use int-sized types for local varaibles and convert to smaller types for static storage.
"C:/Users/cgraf/Documents/School/Fall_2023/IoT/MSP432/inc/SSD1306.c", line 799: remark #2624-D: (ULP 5.4) Detected an assignment to a type with size less than int. To avoid unnecessary sign extension, use int-sized types for local varaibles and convert to smaller types for static storage.
"C:/Users/cgraf/Documents/School/Fall_2023/IoT/MSP432/inc/SSD1306.c", line 807: remark #2624-D: (ULP 5.4) Detected an assignment to a type with size less than int. To avoid unnecessary sign extension, use int-sized types for local varaibles and convert to smaller types for static storage.
"C:/Users/cgraf/Documents/School/Fall_2023/IoT/MSP432/inc/SSD1306.c", line 799: remark #2624-D: (ULP 5.4) Detected an assignment to a type with size less than int. To avoid unnecessary sign extension, use int-sized types for local varaibles and convert to smaller types for static storage.
"C:/Users/cgraf/Documents/School/Fall_2023/IoT/MSP432/inc/SSD1306.c", line 807: remark #2624-D: (ULP 5.4) Detected an assignment to a type with size less than int. To avoid unnecessary sign extension, use int-sized types for local varaibles and convert to smaller types for static storage.
"C:/Users/cgraf/Documents/School/Fall_2023/IoT/MSP432/inc/SSD1306.c", line 807: remark #2624-D: (ULP 5.4) Detected an assignment to a type with size less than int. To avoid unnecessary sign extension, use int-sized types for local varaibles and convert to smaller types for static storage.
"C:/Users/cgraf/Documents/School/Fall_2023/IoT/MSP432/inc/SSD1306.c", line 813: remark #2624-D: (ULP 5.4) Detected an assignment to a type with size less than int. To avoid unnecessary sign extension, use int-sized types for local varaibles and convert to smaller types for static storage.
"C:/Users/cgraf/Documents/School/Fall_2023/IoT/MSP432/inc/SSD1306.c", line 813: remark #2624-D: (ULP 5.4) Detected an assignment to a type with size less than int. To avoid unnecessary sign extension, use int-sized types for local varaibles and convert to smaller types for static storage.
"C:/Users/cgraf/Documents/School/Fall_2023/IoT/MSP432/inc/SSD1306.c", line 848: remark #2624-D: (ULP 5.4) Detected an assignment to a type with size less than int. To avoid unnecessary sign extension, use int-sized types for local varaibles and convert to smaller types for static storage.
"C:/Users/cgraf/Documents/School/Fall_2023/IoT/MSP432/inc/SSD1306.c", line 848: remark #2624-D: (ULP 5.4) Detected an assignment to a type with size less than int. To avoid unnecessary sign extension, use int-sized types for local varaibles and convert to smaller types for static storage.
"C:/Users/cgraf/Documents/School/Fall_2023/IoT/MSP432/inc/SSD1306.c", line 848: remark #2624-D: (ULP 5.4) Detected an assignment to a type with size less than int. To avoid unnecessary sign extension, use int-sized types for local varaibles and convert to smaller types for static storage.
"C:/Users/cgraf/Documents/School/Fall_2023/IoT/MSP432/inc/SSD1306.c", line 849: remark #2624-D: (ULP 5.4) Detected an assignment to a type with size less than int. To avoid unnecessary sign extension, use int-sized types for local varaibles and convert to smaller types for static storage.
"C:/Users/cgraf/Documents/School/Fall_2023/IoT/MSP432/inc/SSD1306.c", line 852: remark #2624-D: (ULP 5.4) Detected an assignment to a type with size less than int. To avoid unnecessary sign extension, use int-sized types for local varaibles and convert to smaller types for static storage.
"C:/Users/cgraf/Documents/School/Fall_2023/IoT/MSP432/inc/SSD1306.c", line 853: remark #2624-D: (ULP 5.4) Detected an assignment to a type with size less than int. To avoid unnecessary sign extension, use int-sized types for local varaibles and convert to smaller types for static storage.
"C:/Users/cgraf/Documents/School/Fall_2023/IoT/MSP432/inc/SSD1306.c", line 856: remark #2624-D: (ULP 5.4) Detected an assignment to a type with size less than int. To avoid unnecessary sign extension, use int-sized types for local varaibles and convert to smaller types for static storage.
"C:/Users/cgraf/Documents/School/Fall_2023/IoT/MSP432/inc/SSD1306.c", line 856: remark #2624-D: (ULP 5.4) Detected an assignment to a type with size less than int. To avoid unnecessary sign extension, use int-sized types for local varaibles and convert to smaller types for static storage.
"C:/Users/cgraf/Documents/School/Fall_2023/IoT/MSP432/inc/SSD1306.c", line 856: remark #2624-D: (ULP 5.4) Detected an assignment to a type with size less than int. To avoid unnecessary sign extension, use int-sized types for local varaibles and convert to smaller types for static storage.
"C:/Users/cgraf/Documents/School/Fall_2023/IoT/MSP432/inc/SSD1306.c", line 857: remark #2624-D: (ULP 5.4) Detected an assignment to a type with size less than int. To avoid unnecessary sign extension, use int-sized types for local varaibles and convert to smaller types for static storage.
"C:/Users/cgraf/Documents/School/Fall_2023/IoT/MSP432/inc/SSD1306.c", line 900: remark #2624-D: (ULP 5.4) Detected an assignment to a type with size less than int. To avoid unnecessary sign extension, use int-sized types for local varaibles and convert to smaller types for static storage.
"C:/Users/cgraf/Documents/School/Fall_2023/IoT/MSP432/inc/SSD1306.c", line 1069: remark #2624-D: (ULP 5.4) Detected an assignment to a type with size less than int. To avoid unnecessary sign extension, use int-sized types for local varaibles and convert to smaller types for static storage.
"C:/Users/cgraf/Documents/School/Fall_2023/IoT/MSP432/inc/SSD1306.c", line 1267: remark #2624-D: (ULP 5.4) Detected an assignment to a type with size less than int. To avoid unnecessary sign extension, use int-sized types for local varaibles and convert to smaller types for static storage.
"C:/Users/cgraf/Documents/School/Fall_2023/IoT/MSP432/inc/SSD1306.c", line 1274: remark #2624-D: (ULP 5.4) Detected an assignment to a type with size less than int. To avoid unnecessary sign extension, use int-sized types for local varaibles and convert to smaller types for static storage.
"C:/Users/cgraf/Documents/School/Fall_2023/IoT/MSP432/inc/SSD1306.c", line 1276: remark #2624-D: (ULP 5.4) Detected an assignment to a type with size less than int. To avoid unnecessary sign extension, use int-sized types for local varaibles and convert to smaller types for static storage.
"C:/Users/cgraf/Documents/School/Fall_2023/IoT/MSP432/inc/SSD1306.c", line 1282: remark #2624-D: (ULP 5.4) Detected an assignment to a type with size less than int. To avoid unnecessary sign extension, use int-sized types for local varaibles and convert to smaller types for static storage.
"C:/Users/cgraf/Documents/School/Fall_2023/IoT/MSP432/inc/SSD1306.c", line 1284: remark #2624-D: (ULP 5.4) Detected an assignment to a type with size less than int. To avoid unnecessary sign extension, use int-sized types for local varaibles and convert to smaller types for static storage.
"C:/Users/cgraf/Documents/School/Fall_2023/IoT/MSP432/inc/SSD1306.c", line 1286: remark #2624-D: (ULP 5.4) Detected an assignment to a type with size less than int. To avoid unnecessary sign extension, use int-sized types for local varaibles and convert to smaller types for static storage.
"C:/Users/cgraf/Documents/School/Fall_2023/IoT/MSP432/inc/SSD1306.c", line 1304: remark #2624-D: (ULP 5.4) Detected an assignment to a type with size less than int. To avoid unnecessary sign extension, use int-sized types for local varaibles and convert to smaller types for static storage.
"C:/Users/cgraf/Documents/School/Fall_2023/IoT/MSP432/inc/SSD1306.c", line 1319: remark #2624-D: (ULP 5.4) Detected an assignment to a type with size less than int. To avoid unnecessary sign extension, use int-sized types for local varaibles and convert to smaller types for static storage.
"C:/Users/cgraf/Documents/School/Fall_2023/IoT/MSP432/inc/SSD1306.c", line 1327: remark #2624-D: (ULP 5.4) Detected an assignment to a type with size less than int. To avoid unnecessary sign extension, use int-sized types for local varaibles and convert to smaller types for static storage.
"C:/Users/cgraf/Documents/School/Fall_2023/IoT/MSP432/inc/SSD1306.c", line 1329: remark #2624-D: (ULP 5.4) Detected an assignment to a type with size less than int. To avoid unnecessary sign extension, use int-sized types for local varaibles and convert to smaller types for static storage.
"C:/Users/cgraf/Documents/School/Fall_2023/IoT/MSP432/inc/SSD1306.c", line 1336: remark #2624-D: (ULP 5.4) Detected an assignment to a type with size less than int. To avoid unnecessary sign extension, use int-sized types for local varaibles and convert to smaller types for static storage.
"C:/Users/cgraf/Documents/School/Fall_2023/IoT/MSP432/inc/SSD1306.c", line 1338: remark #2624-D: (ULP 5.4) Detected an assignment to a type with size less than int. To avoid unnecessary sign extension, use int-sized types for local varaibles and convert to smaller types for static storage.
"C:/Users/cgraf/Documents/School/Fall_2023/IoT/MSP432/inc/SSD1306.c", line 1340: remark #2624-D: (ULP 5.4) Detected an assignment to a type with size less than int. To avoid unnecessary sign extension, use int-sized types for local varaibles and convert to smaller types for static storage.
"C:/Users/cgraf/Documents/School/Fall_2023/IoT/MSP432/inc/SSD1306.c", line 1355: remark #2624-D: (ULP 5.4) Detected an assignment to a type with size less than int. To avoid unnecessary sign extension, use int-sized types for local varaibles and convert to smaller types for static storage.
"C:/Users/cgraf/Documents/School/Fall_2023/IoT/MSP432/inc/SSD1306.c", line 1360: remark #2624-D: (ULP 5.4) Detected an assignment to a type with size less than int. To avoid unnecessary sign extension, use int-sized types for local varaibles and convert to smaller types for static storage.
"C:/Users/cgraf/Documents/School/Fall_2023/IoT/MSP432/inc/SSD1306.c", line 1406: remark #2624-D: (ULP 5.4) Detected an assignment to a type with size less than int. To avoid unnecessary sign extension, use int-sized types for local varaibles and convert to smaller types for static storage.
Finished building: "C:/Users/cgraf/Documents/School/Fall_2023/IoT/MSP432/inc/SSD1306.c"
 
Building target: "RSLK_BLE.out"
Invoking: Arm Linker
"C:/ti/ccs1120/ccs/tools/compiler/ti-cgt-arm_20.2.5.LTS/bin/armcl" -mv7M4 --code_state=16 --float_support=FPv4SPD16 -me --advice:power=all --define=__MSP432P401R__ --define=TARGET_IS_MSP432P4XX --define=ccs -g --c99 --gcc --diag_warning=225 --diag_wrap=off --display_error_number --abi=eabi -z -m"RSLK_BLE.map" --heap_size=1024 --stack_size=512 -i"C:/ti/ccs1120/ccs/ccs_base/arm/include" -i"C:/ti/ccs1120/ccs/tools/compiler/ti-cgt-arm_20.2.5.LTS/lib" -i"C:/ti/ccs1120/ccs/tools/compiler/ti-cgt-arm_20.2.5.LTS/include" --reread_libs --diag_wrap=off --display_error_number --warn_sections --xml_link_info="RSLK_BLE_linkInfo.xml" --rom_model -o "RSLK_BLE.out" "./AP.obj" "./Bump.obj" "./Clock.obj" "./CortexM.obj" "./GPIO.obj" "./I2CB1.obj" "./LPF.obj" "./LaunchPad.obj" "./Motor.obj" "./PWM.obj" "./RSLK_BLEmain.obj" "./SSD1306.obj" "./TimerA1.obj" "./UART0.obj" "./UART1.obj" "./blinker.obj" "./opt3101.obj" "./startup_msp432p401r_ccs.obj" "./system_msp432p401r.obj" "../msp432p401r.cmd"  -llibc.a 
<Linking>
remark #10371-D: (ULP 1.1) Detected no uses of low power mode state changing instructions
remark #10372-D: (ULP 4.1) Detected uninitialized Port 1 in this project. Recommend initializing all unused ports to eliminate wasted current consumption on unused pins.
remark #10372-D: (ULP 4.1) Detected uninitialized Port 2 in this project. Recommend initializing all unused ports to eliminate wasted current consumption on unused pins.
remark #10372-D: (ULP 4.1) Detected uninitialized Port 3 in this project. Recommend initializing all unused ports to eliminate wasted current consumption on unused pins.
remark #10372-D: (ULP 4.1) Detected uninitialized Port 4 in this project. Recommend initializing all unused ports to eliminate wasted current consumption on unused pins.
remark #10372-D: (ULP 4.1) Detected uninitialized Port 5 in this project. Recommend initializing all unused ports to eliminate wasted current consumption on unused pins.
remark #10372-D: (ULP 4.1) Detected uninitialized Port 6 in this project. Recommend initializing all unused ports to eliminate wasted current consumption on unused pins.
remark #10372-D: (ULP 4.1) Detected uninitialized Port 7 in this project. Recommend initializing all unused ports to eliminate wasted current consumption on unused pins.
remark #10372-D: (ULP 4.1) Detected uninitialized Port 8 in this project. Recommend initializing all unused ports to eliminate wasted current consumption on unused pins.
remark #10372-D: (ULP 4.1) Detected uninitialized Port 9 in this project. Recommend initializing all unused ports to eliminate wasted current consumption on unused pins.
remark #10372-D: (ULP 4.1) Detected uninitialized Port 10 in this project. Recommend initializing all unused ports to eliminate wasted current consumption on unused pins.
Finished building target: "RSLK_BLE.out"
 

**** Build Finished ****
